#
# A fatal error has been detected by the Java Runtime Environment:
#
#  Internal Error (jvmciRuntime.cpp:1609), pid=30, tid=45
#  fatal error: Fatal exception in JVMCI: Error calling jdk.vm.ci.services.Services.serializeSavedProperties
#
# JRE version: OpenJDK Runtime Environment GraalVM CE 22.3.0 (17.0.5+8) (build 17.0.5+8-jvmci-22.3-b08)
# Java VM: OpenJDK 64-Bit Server VM GraalVM CE 22.3.0 (17.0.5+8-jvmci-22.3-b08, mixed mode, sharing, tiered, jvmci, jvmci compiler, compressed oops, compressed class ptrs, parallel gc, linux-amd64)
# Problematic frame:
# V  [libjvm.so+0x972714]  JVMCIRuntime::fatal_exception(JVMCIEnv*, char const*)+0x74
#
# Core dump will be written. Default location: Core dumps may be processed with "/usr/share/apport/apport -p%p -s%s -c%c -d%d -P%P -u%u -g%g -- %E" (or dumping to /home/runner/JavaMP/core.30)
#
# If you would like to submit a bug report, please visit:
#   https://github.com/oracle/graal/issues
#

---------------  S U M M A R Y ------------

Command Line: -XX:ThreadPriorityPolicy=1 -XX:+UnlockExperimentalVMOptions -XX:+EnableJVMCIProduct -XX:JVMCIThreadsPerNativeLibraryRuntime=1 -XX:-UnlockExperimentalVMOptions -Declipse.application=org.eclipse.jdt.ls.core.id1 -Dosgi.bundles.defaultStartLevel=4 -Declipse.product=org.eclipse.jdt.ls.core.product -Dlog.level=ALL -Xverify:none -XX:+UseParallelGC -XX:GCTimeRatio=4 -XX:AdaptiveSizePolicyWeight=90 -Dsun.zip.disableMemoryMapping=true -Xmx512m -Xms100m /nix/store/m6gcpi1ii6rghy04cjwjddcavv7i90df-jdt-language-server-1.9.0/share/java/plugins/org.eclipse.equinox.launcher_1.6.400.v20210924-0641.jar --add-modules=ALL-SYSTEM --add-opens java.base/java.util=ALL-UNNAMED --add-opens java.base/java.lang=ALL-UNNAMED -configuration /home/runner/.cache/jdt-language-server/config -data /home/runner/.cache/jdt-language-server/data/home/runner/JavaMP

Host: AMD EPYC 7B12, 8 cores, 1G, Ubuntu 20.04.2 LTS
Time: Wed May 10 12:30:54 2023 UTC elapsed time: 1285.781140 seconds (0d 0h 21m 25s)

---------------  T H R E A D  ---------------

Current thread (0x00007fab540b21b0):  JavaThread "JVMCI-native CompilerThread0" daemon [_thread_in_vm, id=45, stack(0x00007fab39918000,0x00007fab39b18000)]


Current CompileTask:
JVMCI-native:1285781 7276       4       java.util.concurrent.locks.AbstractQueuedSynchronizer::release (19 bytes)

Stack: [0x00007fab39918000,0x00007fab39b18000],  sp=0x00007fab39b16380,  free space=2040k
Native frames: (J=compiled Java code, j=interpreted, Vv=VM code, C=native code)
V  [libjvm.so+0x972714]  JVMCIRuntime::fatal_exception(JVMCIEnv*, char const*)+0x74
V  [libjvm.so+0x93e2fe]  JVMCIEnv::copy_saved_properties()+0x14e
V  [libjvm.so+0x9732a9]  JVMCIRuntime::initialize(JVMCIEnv*)+0xb19
V  [libjvm.so+0x9738a2]  JVMCIRuntime::get_HotSpotJVMCIRuntime(JVMCIEnv*)+0x12
V  [libjvm.so+0x9749f2]  JVMCIRuntime::compile_method(JVMCIEnv*, JVMCICompiler*, methodHandle const&, int)+0xd2
V  [libjvm.so+0x5b0d20]  CompileBroker::invoke_compiler_on_method(CompileTask*)+0x1470
V  [libjvm.so+0x5b12e8]  CompileBroker::compiler_thread_loop()+0x528
V  [libjvm.so+0xd82460]  JavaThread::thread_main_inner()+0xd0
V  [libjvm.so+0xd85a40]  Thread::call_run()+0xc0
V  [libjvm.so+0xbdb1e1]  thread_native_entry(Thread*)+0xe1

Register to memory mapping:

RAX=0x00007fab59516000 points into unknown readable memory: 0x0000000000000058 | 58 00 00 00 00 00 00 00
RBX=0x00007fab5a611398: <offset 0x0000000000ef5398> in /nix/store/gpxl5qgg8kicmcvivwmybwjlpf7wh20l-graalvm17-ce-22.3.0/lib/server/libjvm.so at 0x00007fab5971c000
RCX=0x00007fab5a5c91e8: <offset 0x0000000000ead1e8> in /nix/store/gpxl5qgg8kicmcvivwmybwjlpf7wh20l-graalvm17-ce-22.3.0/lib/server/libjvm.so at 0x00007fab5971c000
RDX=0x0000000000000649 is an unknown value
RSP=0x00007fab39b16380 is pointing into the stack for thread: 0x00007fab540b21b0
RBP=0x00007fab39b163a0 is pointing into the stack for thread: 0x00007fab540b21b0
RSI=0x00007fab5a611c48: <offset 0x0000000000ef5c48> in /nix/store/gpxl5qgg8kicmcvivwmybwjlpf7wh20l-graalvm17-ce-22.3.0/lib/server/libjvm.so at 0x00007fab5971c000
RDI=0x00000000e0000000 is an oop: java.lang.String 
{0x00000000e0000000} - klass: 'java/lang/String'
 - string: "resolution"
R8 =0x00007fab5a611398: <offset 0x0000000000ef5398> in /nix/store/gpxl5qgg8kicmcvivwmybwjlpf7wh20l-graalvm17-ce-22.3.0/lib/server/libjvm.so at 0x00007fab5971c000
R9 =0x00007fab39b16330 is pointing into the stack for thread: 0x00007fab540b21b0
R10=0x00007fab39b17948 is pointing into the stack for thread: 0x00007fab540b21b0
R11=0x0000000000000293 is an unknown value
R12=0x0 is NULL
R13=0x00007fab540b21b0 is a thread
R14=0x00007fab54000b80 points into unknown readable memory: 0x00007fab5a842a38 | 38 2a 84 5a ab 7f 00 00
R15=0x00007fab5a950e40: <offset 0x0000000001234e40> in /nix/store/gpxl5qgg8kicmcvivwmybwjlpf7wh20l-graalvm17-ce-22.3.0/lib/server/libjvm.so at 0x00007fab5971c000


Registers:
RAX=0x00007fab59516000, RBX=0x00007fab5a611398, RCX=0x00007fab5a5c91e8, RDX=0x0000000000000649
RSP=0x00007fab39b16380, RBP=0x00007fab39b163a0, RSI=0x00007fab5a611c48, RDI=0x00000000e0000000
R8 =0x00007fab5a611398, R9 =0x00007fab39b16330, R10=0x00007fab39b17948, R11=0x0000000000000293
R12=0x0000000000000000, R13=0x00007fab540b21b0, R14=0x00007fab54000b80, R15=0x00007fab5a950e40
RIP=0x00007fab5a08e714, EFLAGS=0x0000000000010206, CSGSFS=0x002b000000000033, ERR=0x0000000000000006
  TRAPNO=0x000000000000000e

Top of Stack: (sp=0x00007fab39b16380)
0x00007fab39b16380:   00007fab39b16940 00007fab540b21b0
0x00007fab39b16390:   00007fab3b35a888 0000000800c42498
0x00007fab39b163a0:   00007fab39b16500 00007fab5a05a2fe
0x00007fab39b163b0:   00007fab39b163e0 00007fab39b16440 

Instructions: (pc=0x00007fab5a08e714)
0x00007fab5a08e614:   30 e8 f6 cf e8 ff 4c 89 e7 e8 2e 48 d1 ff 84 db
0x00007fab5a08e624:   75 2a 4d 85 ed 74 04 4d 8b 6d 00 48 83 c4 08 44
0x00007fab5a08e634:   89 f9 4c 89 f2 4c 89 ee 5b 4c 89 e7 41 5c 41 5d
0x00007fab5a08e644:   41 5e 41 5f 5d e9 e2 47 d1 ff 66 90 48 83 c4 08
0x00007fab5a08e654:   5b 41 5c 41 5d 41 5e 41 5f 5d c3 90 31 d2 be 08
0x00007fab5a08e664:   00 00 00 4c 89 ff e8 b1 78 a3 ff 49 89 c5 e9 37
0x00007fab5a08e674:   ff ff ff 66 0f 1f 84 00 00 00 00 00 48 8b 7a 08
0x00007fab5a08e684:   e9 6d ff ff ff 0f 1f 80 00 00 00 00 e8 5b 48 0a
0x00007fab5a08e694:   00 84 c0 75 89 e9 6a ff ff ff 66 90 55 48 89 e5
0x00007fab5a08e6a4:   41 56 41 55 41 54 49 89 fc 53 48 89 f3 66 48 8d
0x00007fab5a08e6b4:   3d 27 5e 85 00 66 66 48 e8 df 43 8d ff 4c 8b 28
0x00007fab5a08e6c4:   8b 05 be 72 8a 00 85 c0 75 14 ba 01 00 00 00 48
0x00007fab5a08e6d4:   8d 0d ae 72 8a 00 f0 0f b1 11 85 c0 74 4e be c8
0x00007fab5a08e6e4:   00 00 00 4c 89 ef e8 01 0b 41 00 48 8d 05 12 ac
0x00007fab5a08e6f4:   85 00 49 89 d8 48 8d 0d e8 aa 53 00 ba 49 06 00
0x00007fab5a08e704:   00 48 8d 35 3c 35 58 00 bf 00 00 00 e0 48 8b 00
0x00007fab5a08e714:   c6 00 58 31 c0 e8 e2 91 c6 ff 5b 41 5c 41 5d 41
0x00007fab5a08e724:   5e 5d e9 55 34 26 00 0f 1f 44 00 00 48 8d 05 81
0x00007fab5a08e734:   a3 8b 00 48 89 df 4c 8b 30 e8 9e 43 8d ff 48 89
0x00007fab5a08e744:   de 48 89 c2 49 8b 06 4c 89 f7 ff 50 08 4c 89 f7
0x00007fab5a08e754:   e8 a7 5c 27 00 4d 85 e4 74 12 be 01 00 00 00 4c
0x00007fab5a08e764:   89 e7 e8 35 43 fc ff eb 82 0f 1f 00 be 01 00 00
0x00007fab5a08e774:   00 4c 89 ef e8 d3 fd ff ff e9 6d ff ff ff 66 66
0x00007fab5a08e784:   2e 0f 1f 84 00 00 00 00 00 0f 1f 00 55 48 89 e5
0x00007fab5a08e794:   41 57 41 56 41 55 41 54 53 48 81 ec 08 02 00 00
0x00007fab5a08e7a4:   64 48 8b 04 25 28 00 00 00 48 89 45 c8 8b 07 83
0x00007fab5a08e7b4:   f8 02 0f 84 11 04 00 00 4c 8b 6f 18 49 89 ff 49
0x00007fab5a08e7c4:   89 f4 4d 85 ed 74 14 4c 89 ef e8 5d 57 22 00 41
0x00007fab5a08e7d4:   8b 07 83 f8 02 0f 84 19 04 00 00 48 8d 1d 9a 06
0x00007fab5a08e7e4:   8a 00 4c 8d 35 0b 3c 58 00 eb 38 90 48 85 d2 7f
0x00007fab5a08e7f4:   0d 48 8d 05 b4 c0 85 00 48 83 38 00 7e 0e 41 8b
0x00007fab5a08e804:   77 2c 4c 89 f7 31 c0 e8 a0 b2 f7 ff 49 8b 7f 18 


Stack slot to memory mapping:
stack at sp + 0 slots: 0x00007fab39b16940 is pointing into the stack for thread: 0x00007fab540b21b0
stack at sp + 1 slots: 0x00007fab540b21b0 is a thread
stack at sp + 2 slots: 0x00007fab3b35a888 points into unknown readable memory: 0x657300183c7affff | ff ff 7a 3c 18 00 73 65
stack at sp + 3 slots: 0x0000000800c42498 is a pointer to class: 
jdk.vm.ci.services.Services {0x0000000800c42498}
 - instance size:     2
 - klass size:        65
 - access:            public final synchronized 
 - state:             fully_initialized
 - name:              'jdk/vm/ci/services/Services'
 - super:             'java/lang/Object'
 - sub:               
 - arrays:            NULL
 - methods:           Array<T>(0x00007fab3a450ce0)
 - method ordering:   Array<T>(0x0000000800928960)
 - default_methods:   Array<T>(0x0000000000000000)
 - local interfaces:  Array<T>(0x00000008005ce810)
 - trans. interfaces: Array<T>(0x00000008005ce810)
 - constants:         constant pool [427] {0x00007fab3a44fdc0} for 'jdk/vm/ci/services/Services' cache=0x00007fab3a451fb0
 - class loader data:  loader data: 0x00007fab540283d0 of 'bootstrap'
 - source file:       'Services.java'
 - class annotations:       Array<T>(0x0000000000000000)
 - class type annotations:  Array<T>(0x0000000000000000)
 - field annotations:       Array<T>(0x0000000000000000)
 - field type annotations:  Array<T>(0x0000000000000000)
 - inner classes:     Array<T>(0x00007fab3a451f80)
 - nest members:     Array<T>(0x00007fab3a451fa0)
 - permitted subclasses:     Array<T>(0x00000008005ce7a0)
 - java mirror:       a 'java/lang/Class'{0x00000000e0146040} = 'jdk/vm/ci/services/Services'
 - vtable length      5  (start addr: 0x0000000800c42668)
 - itable length      2 (start addr: 0x0000000800c42690)
 - ---- static fields (3 words):
 - public static final 'IS_BUILDING_NATIVE_IMAGE' 'Z' @128 
 - public static final 'IS_IN_NATIVE_IMAGE' 'Z' @129 
 - private static volatile 'savedProperties' 'Ljava/util/Map;' @112 
 - static final 'JVMCI_ENABLED' 'Z' @130 
 - private static final 'servicesCache' 'Ljava/util/Map;' @116 
 - private static final 'MAX_UNICODE_IN_UTF8_LENGTH' 'I' @120 
 - private static final 'MAX_UTF8_PROPERTY_STRING_LENGTH' 'I' @124 
 - ---- non-static fields (0 words):
 - non-static oop maps: 
stack at sp + 4 slots: 0x00007fab39b16500 is pointing into the stack for thread: 0x00007fab540b21b0
stack at sp + 5 slots: 0x00007fab5a05a2fe: <offset 0x000000000093e2fe> in /nix/store/gpxl5qgg8kicmcvivwmybwjlpf7wh20l-graalvm17-ce-22.3.0/lib/server/libjvm.so at 0x00007fab5971c000
stack at sp + 6 slots: 0x00007fab39b163e0 is pointing into the stack for thread: 0x00007fab540b21b0
stack at sp + 7 slots: 0x00007fab39b16440 is pointing into the stack for thread: 0x00007fab540b21b0


---------------  P R O C E S S  ---------------

Threads class SMR info:
_java_thread_list=0x00007faaf80019f0, length=27, elements={
0x00007fab54026670, 0x00007fab540a64b0, 0x00007fab540a78f0, 0x00007fab540ae020,
0x00007fab540af3d0, 0x00007fab540b07c0, 0x00007fab540b21b0, 0x00007fab540b36c0,
0x00007fab540b4b10, 0x00007fab540d7a60, 0x00007fab5411f9e0, 0x00007fab54323490,
0x00007fab54356d40, 0x00007fab54358d30, 0x00007fab5461e460, 0x00007faae8017070,
0x00007faae82a6fb0, 0x00007faae830aa70, 0x00007faae8488380, 0x00007faae85f5850,
0x00007fab5437e2e0, 0x00007faad00010d0, 0x00007fab544e00d0, 0x00007faac0001130,
0x00007faac0059b90, 0x00007faac4169570, 0x00007faac416a5b0
}

Java Threads: ( => current thread )
  0x00007fab54026670 JavaThread "main" [_thread_blocked, id=37, stack(0x00007fab59537000,0x00007fab59637000)]
  0x00007fab540a64b0 JavaThread "Reference Handler" daemon [_thread_blocked, id=40, stack(0x00007fab3a1fe000,0x00007fab3a2fe000)]
  0x00007fab540a78f0 JavaThread "Finalizer" daemon [_thread_blocked, id=41, stack(0x00007fab3a0fe000,0x00007fab3a1fe000)]
  0x00007fab540ae020 JavaThread "Signal Dispatcher" daemon [_thread_blocked, id=42, stack(0x00007fab39d18000,0x00007fab39e18000)]
  0x00007fab540af3d0 JavaThread "Service Thread" daemon [_thread_blocked, id=43, stack(0x00007fab39c18000,0x00007fab39d18000)]
  0x00007fab540b07c0 JavaThread "Monitor Deflation Thread" daemon [_thread_blocked, id=44, stack(0x00007fab39b18000,0x00007fab39c18000)]
=>0x00007fab540b21b0 JavaThread "JVMCI-native CompilerThread0" daemon [_thread_in_vm, id=45, stack(0x00007fab39918000,0x00007fab39b18000)]
  0x00007fab540b36c0 JavaThread "C1 CompilerThread0" daemon [_thread_blocked, id=46, stack(0x00007fab39718000,0x00007fab39918000)]
  0x00007fab540b4b10 JavaThread "Sweeper thread" daemon [_thread_blocked, id=47, stack(0x00007fab39618000,0x00007fab39718000)]
  0x00007fab540d7a60 JavaThread "Common-Cleaner" daemon [_thread_blocked, id=48, stack(0x00007fab39518000,0x00007fab39618000)]
  0x00007fab5411f9e0 JavaThread "Notification Thread" daemon [_thread_blocked, id=49, stack(0x00007fab39418000,0x00007fab39518000)]
  0x00007fab54323490 JavaThread "Active Thread: Equinox Container: 22a53c64-f5e0-4005-a51e-e4d73de96ae6" [_thread_blocked, id=63, stack(0x00007fab38000000,0x00007fab38100000)]
  0x00007fab54356d40 JavaThread "Framework Event Dispatcher: Equinox Container: 22a53c64-f5e0-4005-a51e-e4d73de96ae6" daemon [_thread_blocked, id=64, stack(0x00007fab01b00000,0x00007fab01c00000)]
  0x00007fab54358d30 JavaThread "Start Level: Equinox Container: 22a53c64-f5e0-4005-a51e-e4d73de96ae6" daemon [_thread_blocked, id=65, stack(0x00007fab01900000,0x00007fab01a00000)]
  0x00007fab5461e460 JavaThread "Refresh Thread: Equinox Container: 22a53c64-f5e0-4005-a51e-e4d73de96ae6" daemon [_thread_blocked, id=66, stack(0x00007fab01700000,0x00007fab01800000)]
  0x00007faae8017070 JavaThread "SCR Component Actor" daemon [_thread_blocked, id=67, stack(0x00007fab01500000,0x00007fab01600000)]
  0x00007faae82a6fb0 JavaThread "Worker-JM" [_thread_blocked, id=77, stack(0x00007fab01100000,0x00007fab01200000)]
  0x00007faae830aa70 JavaThread "Worker-0: Periodic workspace save." [_thread_blocked, id=78, stack(0x00007fab00f00000,0x00007fab01000000)]
  0x00007faae8488380 JavaThread "Java indexing" daemon [_thread_blocked, id=80, stack(0x00007fab00b00000,0x00007fab00c00000)]
  0x00007faae85f5850 JavaThread "Bundle File Closer" daemon [_thread_blocked, id=81, stack(0x00007fab00900000,0x00007fab00a00000)]
  0x00007fab5437e2e0 JavaThread "pool-3-thread-1" [_thread_blocked, id=88, stack(0x00007fab00800000,0x00007fab00900000)]
  0x00007faad00010d0 JavaThread "Worker-2" [_thread_blocked, id=91, stack(0x00007fab00700000,0x00007fab00800000)]
  0x00007fab544e00d0 JavaThread "pool-2-thread-1" [_thread_blocked, id=92, stack(0x00007fab00500000,0x00007fab00600000)]
  0x00007faac0001130 JavaThread "Worker-3: Java indexing... " [_thread_blocked, id=93, stack(0x00007fab00300000,0x00007fab00400000)]
  0x00007faac0059b90 JavaThread "Worker-5" [_thread_blocked, id=1191, stack(0x00007fab00d00000,0x00007fab00e00000)]
  0x00007faac4169570 JavaThread "Thread-5" [_thread_blocked, id=2696, stack(0x00007fab01200000,0x00007fab01300000)]
  0x00007faac416a5b0 JavaThread "Thread-7" [_thread_blocked, id=2965, stack(0x00007fab38f00000,0x00007fab39000000)]

Other Threads:
  0x00007fab540a1bf0 VMThread "VM Thread" [stack: 0x00007fab3a300000,0x00007fab3a400000] [id=39] _threads_hazard_ptr=0x00007faaf80019f0
  0x00007fab54121380 WatcherThread [stack: 0x00007fab39318000,0x00007fab39418000] [id=50]
  0x00007fab5403df10 GCTaskThread "GC Thread#0" [stack: 0x00007fab590fa000,0x00007fab591fa000] [id=38]

Threads with active compile tasks:
JVMCI-native CompilerThread0  1285854 7276       4       java.util.concurrent.locks.AbstractQueuedSynchronizer::release (19 bytes)

VM state: synchronizing (normal execution)

VM Mutex/Monitor currently owned by a thread:  ([mutex/lock_event])
[0x00007fab54023820] Threads_lock - owner thread: 0x00007fab540a1bf0
[0x00007fab54023fd0] Heap_lock - owner thread: 0x00007faac0001130

OutOfMemory and StackOverflow Exception counts:
OutOfMemoryError java_heap_errors=17
LinkageErrors=48

Heap address: 0x00000000e0000000, size: 512 MB, Compressed Oops mode: 32-bit

CDS archive(s) mapped at: [0x0000000800000000-0x0000000800bc8000-0x0000000800bc8000), size 12353536, SharedBaseAddress: 0x0000000800000000, ArchiveRelocationMode: 0.
Compressed class space mapped at: 0x0000000800c00000-0x0000000840c00000, reserved size: 1073741824
Narrow klass base: 0x0000000800000000, Narrow klass shift: 0, Narrow klass range: 0x100000000

GC Precious Log:
 CPUs: 8 total, 1 available
 Memory: 1024M
 Large Page Support: Disabled
 NUMA Support: Disabled
 Compressed Oops: Enabled (32-bit)
 Alignments: Space 512K, Generation 512K, Heap 2M
 Heap Min Capacity: 100M
 Heap Initial Capacity: 100M
 Heap Max Capacity: 512M
 Pre-touch: Disabled
 Parallel Workers: 1

Heap:
 PSYoungGen      total 49152K, used 24576K [0x00000000f5580000, 0x00000000fab80000, 0x0000000100000000)
  eden space 24576K, 100% used [0x00000000f5580000,0x00000000f6d80000,0x00000000f6d80000)
  from space 24576K, 0% used [0x00000000f6d80000,0x00000000f6d80000,0x00000000f8580000)
  to   space 29696K, 0% used [0x00000000f8e80000,0x00000000f8e80000,0x00000000fab80000)
 ParOldGen       total 349696K, used 349695K [0x00000000e0000000, 0x00000000f5580000, 0x00000000f5580000)
  object space 349696K, 99% used [0x00000000e0000000,0x00000000f557ffe0,0x00000000f5580000)
 Metaspace       used 54264K, committed 55040K, reserved 1105920K
  class space    used 5426K, committed 5760K, reserved 1048576K

Card table byte_map: [0x00007fab591fa000,0x00007fab592fb000] _byte_map_base: 0x00007fab58afa000

Marking Bits: (ParMarkBitMap*) 0x00007fab5a94a4c0
 Begin Bits: [0x00007fab5804d000, 0x00007fab5884d000)
 End Bits:   [0x00007fab5884d000, 0x00007fab5904d000)

Polling page: 0x00007fab59514000

Metaspace:

Usage:
  Non-class:     47.69 MB used.
      Class:      5.30 MB used.
       Both:     52.99 MB used.

Virtual space:
  Non-class space:       56.00 MB reserved,      48.12 MB ( 86%) committed,  7 nodes.
      Class space:        1.00 GB reserved,       5.62 MB ( <1%) committed,  1 nodes.
             Both:        1.05 GB reserved,      53.75 MB (  5%) committed. 

Chunk freelists:
   Non-Class:  3.86 MB
       Class:  2.34 MB
        Both:  6.21 MB

MaxMetaspaceSize: unlimited
CompressedClassSpaceSize: 1.00 GB
Initial GC threshold: 21.00 MB
Current GC threshold: 89.38 MB
CDS: on
MetaspaceReclaimPolicy: balanced
 - commit_granule_bytes: 65536.
 - commit_granule_words: 8192.
 - virtual_space_node_default_size: 1048576.
 - enlarge_chunks_in_place: 1.
 - new_chunks_are_fully_committed: 0.
 - uncommit_free_chunks: 1.
 - use_allocation_guard: 0.
 - handle_deallocations: 1.


Internal statistics:

num_allocs_failed_limit: 6.
num_arena_births: 372.
num_arena_deaths: 76.
num_vsnodes_births: 8.
num_vsnodes_deaths: 0.
num_space_committed: 859.
num_space_uncommitted: 0.
num_chunks_returned_to_freelist: 104.
num_chunks_taken_from_freelist: 2392.
num_chunk_merges: 36.
num_chunk_splits: 1564.
num_chunks_enlarged: 1032.
num_purges: 8.
num_inconsistent_stats: 0.

CodeHeap 'non-profiled nmethods': size=120036Kb used=2333Kb max_used=2333Kb free=117703Kb
 bounds [0x00007fab42f7a000, 0x00007fab431ea000, 0x00007fab4a4b3000]
CodeHeap 'profiled nmethods': size=120032Kb used=11374Kb max_used=13862Kb free=108657Kb
 bounds [0x00007fab3ba42000, 0x00007fab3c7d2000, 0x00007fab42f7a000]
CodeHeap 'non-nmethods': size=5692Kb used=1392Kb max_used=1395Kb free=4299Kb
 bounds [0x00007fab3b4b3000, 0x00007fab3b723000, 0x00007fab3ba42000]
 total_blobs=6325 nmethods=5595 adapters=615
 compilation: enabled
              stopped_count=0, restarted_count=0
 full_count=0

JVMCI Events (20 events):
Event: 1168.649 Thread 0x00007fab540b21b0 destroyed JavaVM[11]@0x00007faaffb9e340 for JVMCI runtime 0
Event: 1168.649 Thread 0x00007fab540b21b0 compacted oop handles in JVMCI runtime 0 from 79 to 79
Event: 1168.649 Thread 0x00007fab540b21b0 releasing handles for JVMCI runtime 0: oop handles=79, metadata handles={total=153, live=141, blocks=41}
Event: 1168.649 Thread 0x00007fab540b21b0 detached from JVMCI runtime 0
Event: 1210.553 Thread 0x00007fab540b21b0 attached to JVMCI runtime 0
Event: 1210.555 Thread 0x00007fab540b21b0 created JavaVM[12]@0x00007faaffb9e340 for JVMCI runtime 0
Event: 1212.754 Thread 0x00007fab540b21b0 initializing JVMCI runtime 0
Event: 1212.754 Thread 0x00007fab540b21b0 done waiting for JavaVM references initialization in JVMCI runtime 0
Event: 1248.858 Thread 0x00007fab540b21b0 initialized JVMCI runtime 0
Event: 1251.251 Thread 0x00007fab540b21b0 detaching from JVMCI runtime 0: releasing idle compiler thread (0 other threads still attached)
Event: 1251.251 Thread 0x00007fab540b21b0 shutting down HotSpotJVMCIRuntime for JVMCI runtime 0
Event: 1251.251 Thread 0x00007fab540b21b0 shut down JVMCI runtime 0
Event: 1251.258 Thread 0x00007fab540b21b0 destroyed JavaVM[12]@0x00007faaffb9e340 for JVMCI runtime 0
Event: 1251.258 Thread 0x00007fab540b21b0 compacted oop handles in JVMCI runtime 0 from 61 to 61
Event: 1251.258 Thread 0x00007fab540b21b0 releasing handles for JVMCI runtime 0: oop handles=61, metadata handles={total=96, live=95, blocks=41}
Event: 1251.258 Thread 0x00007fab540b21b0 detached from JVMCI runtime 0
Event: 1278.081 Thread 0x00007fab540b21b0 attached to JVMCI runtime 0
Event: 1278.083 Thread 0x00007fab540b21b0 created JavaVM[13]@0x00007faaffb9e340 for JVMCI runtime 0
Event: 1279.086 Thread 0x00007fab540b21b0 initializing JVMCI runtime 0
Event: 1279.086 Thread 0x00007fab540b21b0 done waiting for JavaVM references initialization in JVMCI runtime 0

Compilation events (20 events):
Event: 1147.349 Thread 0x00007fab540b36c0 7269       3       org.eclipse.jdt.internal.corext.dom.ScopeAnalyzer$ScopeAnalyzerVisitor::isInside (32 bytes)
Event: 1147.350 Thread 0x00007fab540b36c0 nmethod 7269 0x00007fab3bd06410 code [0x00007fab3bd065c0, 0x00007fab3bd067b0]
Event: 1148.547 Thread 0x00007fab540b21b0 nmethod 7265% 0x00007fab431be410 code [0x00007fab431be5a0, 0x00007fab431be8e8]
Event: 1148.547 Thread 0x00007fab540b21b0 7266       4       org.eclipse.jdt.internal.compiler.parser.Scanner::scanIdentifierOrKeyword (196 bytes)
Event: 1154.253 Thread 0x00007fab540b21b0 nmethod 7266 0x00007fab431bea90 code [0x00007fab431bec20, 0x00007fab431bee90]
Event: 1154.253 Thread 0x00007fab540b21b0 7267       4       org.eclipse.osgi.container.ModuleDatabase::readLock (11 bytes)
Event: 1155.279 Thread 0x00007fab540b21b0 nmethod 7267 0x00007fab431bf490 code [0x00007fab431bf680, 0x00007fab431bfb30]
Event: 1155.279 Thread 0x00007fab540b21b0 7268       4       org.eclipse.osgi.container.ModuleDatabase::readUnlock (11 bytes)
Event: 1163.250 Thread 0x00007fab540b36c0 7270       3       java.util.concurrent.ThreadPoolExecutor::workerCountOf (5 bytes)
Event: 1163.251 Thread 0x00007fab540b36c0 nmethod 7270 0x00007fab3c06c490 code [0x00007fab3c06c620, 0x00007fab3c06c710]
Event: 1166.550 Thread 0x00007fab540b21b0 nmethod 7268 0x00007fab431bff10 code [0x00007fab431c00c0, 0x00007fab431c03e0]
Event: 1208.369 Thread 0x00007fab540b36c0 7272       1       java.util.concurrent.ThreadPoolExecutor::getQueue (5 bytes)
Event: 1208.369 Thread 0x00007fab540b36c0 nmethod 7272 0x00007fab431c0710 code [0x00007fab431c08a0, 0x00007fab431c0970]
Event: 1210.553 Thread 0x00007fab540b21b0 7273       4       java.lang.ThreadLocal::get (38 bytes)
Event: 1250.045 Thread 0x00007fab540b21b0 nmethod 7273 0x00007fab431c0a10 code [0x00007fab431c0c20, 0x00007fab431c0e20]
Event: 1250.045 Thread 0x00007fab540b21b0 7274       4       java.lang.ThreadLocal$ThreadLocalMap::getEntry (42 bytes)
Event: 1250.054 Thread 0x00007fab540b21b0 nmethod 7274 0x00007fab431c1010 code [0x00007fab431c11a0, 0x00007fab431c12d0]
Event: 1278.081 Thread 0x00007fab540b21b0 7276       4       java.util.concurrent.locks.AbstractQueuedSynchronizer::release (19 bytes)
Event: 1278.082 Thread 0x00007fab540b36c0 7275       3       java.util.concurrent.locks.AbstractQueuedSynchronizer$ConditionObject::canReacquire (28 bytes)
Event: 1278.082 Thread 0x00007fab540b36c0 nmethod 7275 0x00007fab3c4dda90 code [0x00007fab3c4ddc40, 0x00007fab3c4ddf90]

GC Heap History (20 events):
Event: 1274.583 GC heap before
{Heap before GC invocations=1217 (full 1125):
 PSYoungGen      total 49152K, used 24575K [0x00000000f5580000, 0x00000000fab80000, 0x0000000100000000)
  eden space 24576K, 99% used [0x00000000f5580000,0x00000000f6d7fff0,0x00000000f6d80000)
  from space 24576K, 0% used [0x00000000f6d80000,0x00000000f6d80000,0x00000000f8580000)
  to   space 29696K, 0% used [0x00000000f8e80000,0x00000000f8e80000,0x00000000fab80000)
 ParOldGen       total 349696K, used 349684K [0x00000000e0000000, 0x00000000f5580000, 0x00000000f5580000)
  object space 349696K, 99% used [0x00000000e0000000,0x00000000f557d0f8,0x00000000f5580000)
 Metaspace       used 54263K, committed 55040K, reserved 1105920K
  class space    used 5426K, committed 5760K, reserved 1048576K
}
Event: 1275.763 GC heap after
{Heap after GC invocations=1217 (full 1125):
 PSYoungGen      total 54272K, used 24575K [0x00000000f5580000, 0x00000000fab80000, 0x0000000100000000)
  eden space 24576K, 99% used [0x00000000f5580000,0x00000000f6d7fff0,0x00000000f6d80000)
  from space 29696K, 0% used [0x00000000f8e80000,0x00000000f8e80000,0x00000000fab80000)
  to   space 24576K, 0% used [0x00000000f6d80000,0x00000000f6d80000,0x00000000f8580000)
 ParOldGen       total 349696K, used 349684K [0x00000000e0000000, 0x00000000f5580000, 0x00000000f5580000)
  object space 349696K, 99% used [0x00000000e0000000,0x00000000f557d0e0,0x00000000f5580000)
 Metaspace       used 54263K, committed 55040K, reserved 1105920K
  class space    used 5426K, committed 5760K, reserved 1048576K
}
Event: 1275.763 GC heap before
{Heap before GC invocations=1218 (full 1126):
 PSYoungGen      total 54272K, used 24576K [0x00000000f5580000, 0x00000000fab80000, 0x0000000100000000)
  eden space 24576K, 100% used [0x00000000f5580000,0x00000000f6d80000,0x00000000f6d80000)
  from space 29696K, 0% used [0x00000000f8e80000,0x00000000f8e80000,0x00000000fab80000)
  to   space 24576K, 0% used [0x00000000f6d80000,0x00000000f6d80000,0x00000000f8580000)
 ParOldGen       total 349696K, used 349687K [0x00000000e0000000, 0x00000000f5580000, 0x00000000f5580000)
  object space 349696K, 99% used [0x00000000e0000000,0x00000000f557dc60,0x00000000f5580000)
 Metaspace       used 54263K, committed 55040K, reserved 1105920K
  class space    used 5426K, committed 5760K, reserved 1048576K
}
Event: 1276.871 GC heap after
{Heap after GC invocations=1218 (full 1126):
 PSYoungGen      total 49152K, used 24575K [0x00000000f5580000, 0x00000000fab80000, 0x0000000100000000)
  eden space 24576K, 99% used [0x00000000f5580000,0x00000000f6d7ffc0,0x00000000f6d80000)
  from space 24576K, 0% used [0x00000000f6d80000,0x00000000f6d80000,0x00000000f8580000)
  to   space 29696K, 0% used [0x00000000f8e80000,0x00000000f8e80000,0x00000000fab80000)
 ParOldGen       total 349696K, used 349684K [0x00000000e0000000, 0x00000000f5580000, 0x00000000f5580000)
  object space 349696K, 99% used [0x00000000e0000000,0x00000000f557d370,0x00000000f5580000)
 Metaspace       used 54263K, committed 55040K, reserved 1105920K
  class space    used 5426K, committed 5760K, reserved 1048576K
}
Event: 1276.874 GC heap before
{Heap before GC invocations=1219 (full 1127):
 PSYoungGen      total 49152K, used 24576K [0x00000000f5580000, 0x00000000fab80000, 0x0000000100000000)
  eden space 24576K, 100% used [0x00000000f5580000,0x00000000f6d80000,0x00000000f6d80000)
  from space 24576K, 0% used [0x00000000f6d80000,0x00000000f6d80000,0x00000000f8580000)
  to   space 29696K, 0% used [0x00000000f8e80000,0x00000000f8e80000,0x00000000fab80000)
 ParOldGen       total 349696K, used 349684K [0x00000000e0000000, 0x00000000f5580000, 0x00000000f5580000)
  object space 349696K, 99% used [0x00000000e0000000,0x00000000f557d370,0x00000000f5580000)
 Metaspace       used 54263K, committed 55040K, reserved 1105920K
  class space    used 5426K, committed 5760K, reserved 1048576K
}
Event: 1278.081 GC heap after
{Heap after GC invocations=1219 (full 1127):
 PSYoungGen      total 54272K, used 24575K [0x00000000f5580000, 0x00000000fab80000, 0x0000000100000000)
  eden space 24576K, 99% used [0x00000000f5580000,0x00000000f6d7ffe0,0x00000000f6d80000)
  from space 29696K, 0% used [0x00000000f8e80000,0x00000000f8e80000,0x00000000fab80000)
  to   space 24576K, 0% used [0x00000000f6d80000,0x00000000f6d80000,0x00000000f8580000)
 ParOldGen       total 349696K, used 349684K [0x00000000e0000000, 0x00000000f5580000, 0x00000000f5580000)
  object space 349696K, 99% used [0x00000000e0000000,0x00000000f557d370,0x00000000f5580000)
 Metaspace       used 54263K, committed 55040K, reserved 1105920K
  class space    used 5426K, committed 5760K, reserved 1048576K
}
Event: 1278.083 GC heap before
{Heap before GC invocations=1220 (full 1128):
 PSYoungGen      total 54272K, used 24576K [0x00000000f5580000, 0x00000000fab80000, 0x0000000100000000)
  eden space 24576K, 100% used [0x00000000f5580000,0x00000000f6d80000,0x00000000f6d80000)
  from space 29696K, 0% used [0x00000000f8e80000,0x00000000f8e80000,0x00000000fab80000)
  to   space 24576K, 0% used [0x00000000f6d80000,0x00000000f6d80000,0x00000000f8580000)
 ParOldGen       total 349696K, used 349684K [0x00000000e0000000, 0x00000000f5580000, 0x00000000f5580000)
  object space 349696K, 99% used [0x00000000e0000000,0x00000000f557d370,0x00000000f5580000)
 Metaspace       used 54264K, committed 55040K, reserved 1105920K
  class space    used 5426K, committed 5760K, reserved 1048576K
}
Event: 1279.086 GC heap after
{Heap after GC invocations=1220 (full 1128):
 PSYoungGen      total 49152K, used 24576K [0x00000000f5580000, 0x00000000fab80000, 0x0000000100000000)
  eden space 24576K, 100% used [0x00000000f5580000,0x00000000f6d80000,0x00000000f6d80000)
  from space 24576K, 0% used [0x00000000f6d80000,0x00000000f6d80000,0x00000000f8580000)
  to   space 29696K, 0% used [0x00000000f8e80000,0x00000000f8e80000,0x00000000fab80000)
 ParOldGen       total 349696K, used 349684K [0x00000000e0000000, 0x00000000f5580000, 0x00000000f5580000)
  object space 349696K, 99% used [0x00000000e0000000,0x00000000f557d350,0x00000000f5580000)
 Metaspace       used 54264K, committed 55040K, reserved 1105920K
  class space    used 5426K, committed 5760K, reserved 1048576K
}
Event: 1279.086 GC heap before
{Heap before GC invocations=1221 (full 1129):
 PSYoungGen      total 49152K, used 24576K [0x00000000f5580000, 0x00000000fab80000, 0x0000000100000000)
  eden space 24576K, 100% used [0x00000000f5580000,0x00000000f6d80000,0x00000000f6d80000)
  from space 24576K, 0% used [0x00000000f6d80000,0x00000000f6d80000,0x00000000f8580000)
  to   space 29696K, 0% used [0x00000000f8e80000,0x00000000f8e80000,0x00000000fab80000)
 ParOldGen       total 349696K, used 349694K [0x00000000e0000000, 0x00000000f5580000, 0x00000000f5580000)
  object space 349696K, 99% used [0x00000000e0000000,0x00000000f557f988,0x00000000f5580000)
 Metaspace       used 54264K, committed 55040K, reserved 1105920K
  class space    used 5426K, committed 5760K, reserved 1048576K
}
Event: 1280.139 GC heap after
{Heap after GC invocations=1221 (full 1129):
 PSYoungGen      total 54272K, used 24576K [0x00000000f5580000, 0x00000000fab80000, 0x0000000100000000)
  eden space 24576K, 100% used [0x00000000f5580000,0x00000000f6d80000,0x00000000f6d80000)
  from space 29696K, 0% used [0x00000000f8e80000,0x00000000f8e80000,0x00000000fab80000)
  to   space 24576K, 0% used [0x00000000f6d80000,0x00000000f6d80000,0x00000000f8580000)
 ParOldGen       total 349696K, used 349693K [0x00000000e0000000, 0x00000000f5580000, 0x00000000f5580000)
  object space 349696K, 99% used [0x00000000e0000000,0x00000000f557f4d0,0x00000000f5580000)
 Metaspace       used 54264K, committed 55040K, reserved 1105920K
  class space    used 5426K, committed 5760K, reserved 1048576K
}
Event: 1280.139 GC heap before
{Heap before GC invocations=1222 (full 1130):
 PSYoungGen      total 54272K, used 24576K [0x00000000f5580000, 0x00000000fab80000, 0x0000000100000000)
  eden space 24576K, 100% used [0x00000000f5580000,0x00000000f6d80000,0x00000000f6d80000)
  from space 29696K, 0% used [0x00000000f8e80000,0x00000000f8e80000,0x00000000fab80000)
  to   space 24576K, 0% used [0x00000000f6d80000,0x00000000f6d80000,0x00000000f8580000)
 ParOldGen       total 349696K, used 349695K [0x00000000e0000000, 0x00000000f5580000, 0x00000000f5580000)
  object space 349696K, 99% used [0x00000000e0000000,0x00000000f557fd50,0x00000000f5580000)
 Metaspace       used 54264K, committed 55040K, reserved 1105920K
  class space    used 5426K, committed 5760K, reserved 1048576K
}
Event: 1281.292 GC heap after
{Heap after GC invocations=1222 (full 1130):
 PSYoungGen      total 49152K, used 24575K [0x00000000f5580000, 0x00000000fab80000, 0x0000000100000000)
  eden space 24576K, 99% used [0x00000000f5580000,0x00000000f6d7ff10,0x00000000f6d80000)
  from space 24576K, 0% used [0x00000000f6d80000,0x00000000f6d80000,0x00000000f8580000)
  to   space 29696K, 0% used [0x00000000f8e80000,0x00000000f8e80000,0x00000000fab80000)
 ParOldGen       total 349696K, used 349694K [0x00000000e0000000, 0x00000000f5580000, 0x00000000f5580000)
  object space 349696K, 99% used [0x00000000e0000000,0x00000000f557fb40,0x00000000f5580000)
 Metaspace       used 54264K, committed 55040K, reserved 1105920K
  class space    used 5426K, committed 5760K, reserved 1048576K
}
Event: 1281.338 GC heap before
{Heap before GC invocations=1223 (full 1131):
 PSYoungGen      total 49152K, used 24576K [0x00000000f5580000, 0x00000000fab80000, 0x0000000100000000)
  eden space 24576K, 100% used [0x00000000f5580000,0x00000000f6d80000,0x00000000f6d80000)
  from space 24576K, 0% used [0x00000000f6d80000,0x00000000f6d80000,0x00000000f8580000)
  to   space 29696K, 0% used [0x00000000f8e80000,0x00000000f8e80000,0x00000000fab80000)
 ParOldGen       total 349696K, used 349694K [0x00000000e0000000, 0x00000000f5580000, 0x00000000f5580000)
  object space 349696K, 99% used [0x00000000e0000000,0x00000000f557fb40,0x00000000f5580000)
 Metaspace       used 54264K, committed 55040K, reserved 1105920K
  class space    used 5426K, committed 5760K, reserved 1048576K
}
Event: 1282.385 GC heap after
{Heap after GC invocations=1223 (full 1131):
 PSYoungGen      total 54272K, used 24575K [0x00000000f5580000, 0x00000000fab80000, 0x0000000100000000)
  eden space 24576K, 99% used [0x00000000f5580000,0x00000000f6d7ff10,0x00000000f6d80000)
  from space 29696K, 0% used [0x00000000f8e80000,0x00000000f8e80000,0x00000000fab80000)
  to   space 24576K, 0% used [0x00000000f6d80000,0x00000000f6d80000,0x00000000f8580000)
 ParOldGen       total 349696K, used 349694K [0x00000000e0000000, 0x00000000f5580000, 0x00000000f5580000)
  object space 349696K, 99% used [0x00000000e0000000,0x00000000f557fb40,0x00000000f5580000)
 Metaspace       used 54264K, committed 55040K, reserved 1105920K
  class space    used 5426K, committed 5760K, reserved 1048576K
}
Event: 1282.385 GC heap before
{Heap before GC invocations=1224 (full 1132):
 PSYoungGen      total 54272K, used 24576K [0x00000000f5580000, 0x00000000fab80000, 0x0000000100000000)
  eden space 24576K, 100% used [0x00000000f5580000,0x00000000f6d80000,0x00000000f6d80000)
  from space 29696K, 0% used [0x00000000f8e80000,0x00000000f8e80000,0x00000000fab80000)
  to   space 24576K, 0% used [0x00000000f6d80000,0x00000000f6d80000,0x00000000f8580000)
 ParOldGen       total 349696K, used 349694K [0x00000000e0000000, 0x00000000f5580000, 0x00000000f5580000)
  object space 349696K, 99% used [0x00000000e0000000,0x00000000f557fb40,0x00000000f5580000)
 Metaspace       used 54264K, committed 55040K, reserved 1105920K
  class space    used 5426K, committed 5760K, reserved 1048576K
}
Event: 1283.538 GC heap after
{Heap after GC invocations=1224 (full 1132):
 PSYoungGen      total 49152K, used 24575K [0x00000000f5580000, 0x00000000fab80000, 0x0000000100000000)
  eden space 24576K, 99% used [0x00000000f5580000,0x00000000f6d7ff10,0x00000000f6d80000)
  from space 24576K, 0% used [0x00000000f6d80000,0x00000000f6d80000,0x00000000f8580000)
  to   space 29696K, 0% used [0x00000000f8e80000,0x00000000f8e80000,0x00000000fab80000)
 ParOldGen       total 349696K, used 349694K [0x00000000e0000000, 0x00000000f5580000, 0x00000000f5580000)
  object space 349696K, 99% used [0x00000000e0000000,0x00000000f557fb40,0x00000000f5580000)
 Metaspace       used 54264K, committed 55040K, reserved 1105920K
  class space    used 5426K, committed 5760K, reserved 1048576K
}
Event: 1283.538 GC heap before
{Heap before GC invocations=1225 (full 1133):
 PSYoungGen      total 49152K, used 24575K [0x00000000f5580000, 0x00000000fab80000, 0x0000000100000000)
  eden space 24576K, 99% used [0x00000000f5580000,0x00000000f6d7ffa8,0x00000000f6d80000)
  from space 24576K, 0% used [0x00000000f6d80000,0x00000000f6d80000,0x00000000f8580000)
  to   space 29696K, 0% used [0x00000000f8e80000,0x00000000f8e80000,0x00000000fab80000)
 ParOldGen       total 349696K, used 349694K [0x00000000e0000000, 0x00000000f5580000, 0x00000000f5580000)
  object space 349696K, 99% used [0x00000000e0000000,0x00000000f557fb40,0x00000000f5580000)
 Metaspace       used 54264K, committed 55040K, reserved 1105920K
  class space    used 5426K, committed 5760K, reserved 1048576K
}
Event: 1284.584 GC heap after
{Heap after GC invocations=1225 (full 1133):
 PSYoungGen      total 54272K, used 24575K [0x00000000f5580000, 0x00000000fab80000, 0x0000000100000000)
  eden space 24576K, 99% used [0x00000000f5580000,0x00000000f6d7ff28,0x00000000f6d80000)
  from space 29696K, 0% used [0x00000000f8e80000,0x00000000f8e80000,0x00000000fab80000)
  to   space 24576K, 0% used [0x00000000f6d80000,0x00000000f6d80000,0x00000000f8580000)
 ParOldGen       total 349696K, used 349694K [0x00000000e0000000, 0x00000000f5580000, 0x00000000f5580000)
  object space 349696K, 99% used [0x00000000e0000000,0x00000000f557fb40,0x00000000f5580000)
 Metaspace       used 54264K, committed 55040K, reserved 1105920K
  class space    used 5426K, committed 5760K, reserved 1048576K
}
Event: 1284.584 GC heap before
{Heap before GC invocations=1226 (full 1134):
 PSYoungGen      total 54272K, used 24575K [0x00000000f5580000, 0x00000000fab80000, 0x0000000100000000)
  eden space 24576K, 99% used [0x00000000f5580000,0x00000000f6d7ff28,0x00000000f6d80000)
  from space 29696K, 0% used [0x00000000f8e80000,0x00000000f8e80000,0x00000000fab80000)
  to   space 24576K, 0% used [0x00000000f6d80000,0x00000000f6d80000,0x00000000f8580000)
 ParOldGen       total 349696K, used 349694K [0x00000000e0000000, 0x00000000f5580000, 0x00000000f5580000)
  object space 349696K, 99% used [0x00000000e0000000,0x00000000f557fb40,0x00000000f5580000)
 Metaspace       used 54264K, committed 55040K, reserved 1105920K
  class space    used 5426K, committed 5760K, reserved 1048576K
}
Event: 1285.751 GC heap after
{Heap after GC invocations=1226 (full 1134):
 PSYoungGen      total 49152K, used 24575K [0x00000000f5580000, 0x00000000fab80000, 0x0000000100000000)
  eden space 24576K, 99% used [0x00000000f5580000,0x00000000f6d7ff28,0x00000000f6d80000)
  from space 24576K, 0% used [0x00000000f6d80000,0x00000000f6d80000,0x00000000f8580000)
  to   space 29696K, 0% used [0x00000000f8e80000,0x00000000f8e80000,0x00000000fab80000)
 ParOldGen       total 349696K, used 349694K [0x00000000e0000000, 0x00000000f5580000, 0x00000000f5580000)
  object space 349696K, 99% used [0x00000000e0000000,0x00000000f557fb40,0x00000000f5580000)
 Metaspace       used 54264K, committed 55040K, reserved 1105920K
  class space    used 5426K, committed 5760K, reserved 1048576K
}

Dll operation events (9 events):
Event: 0.002 Loaded shared library /nix/store/gpxl5qgg8kicmcvivwmybwjlpf7wh20l-graalvm17-ce-22.3.0/lib/libjava.so
Event: 0.007 Loaded shared library /nix/store/gpxl5qgg8kicmcvivwmybwjlpf7wh20l-graalvm17-ce-22.3.0/lib/libjsvml.so
Event: 0.195 Loaded shared library /nix/store/gpxl5qgg8kicmcvivwmybwjlpf7wh20l-graalvm17-ce-22.3.0/lib/libnio.so
Event: 0.199 Loaded shared library /nix/store/gpxl5qgg8kicmcvivwmybwjlpf7wh20l-graalvm17-ce-22.3.0/lib/libzip.so
Event: 0.201 Loaded shared library /nix/store/gpxl5qgg8kicmcvivwmybwjlpf7wh20l-graalvm17-ce-22.3.0/lib/libjvmcicompiler.so
Event: 0.549 Loaded shared library /nix/store/gpxl5qgg8kicmcvivwmybwjlpf7wh20l-graalvm17-ce-22.3.0/lib/libjimage.so
Event: 1.080 Loaded shared library /nix/store/gpxl5qgg8kicmcvivwmybwjlpf7wh20l-graalvm17-ce-22.3.0/lib/libnet.so
Event: 3.947 Loaded shared library /home/runner/.cache/jdt-language-server/config/org.eclipse.equinox.launcher/org.eclipse.equinox.launcher.gtk.linux.x86_64_1.2.400.v20211117-0650/eclipse_11600.so
Event: 10.941 Loaded shared library /nix/store/gpxl5qgg8kicmcvivwmybwjlpf7wh20l-graalvm17-ce-22.3.0/lib/libextnet.so

Deoptimization events (20 events):
Event: 1184.238 Thread 0x00007faac4169570 DEOPT PACKING pc=0x00007fab42fbb8d4 sp=0x00007fab012fe520
Event: 1184.238 Thread 0x00007faac4169570 DEOPT UNPACKING pc=0x00007fab3b505325 sp=0x00007fab012fd9f8 mode 3
Event: 1186.571 Thread 0x00007faac4169570 Uncommon trap: trap_request=0xffffff8f fr.pc=0x00007fab431664f9 relative=0x0000000000000539
Event: 1186.571 Thread 0x00007faac4169570 Uncommon trap: reason=constraint action=none pc=0x00007fab431664f9 method=java.lang.AbstractStringBuilder.append(Ljava/lang/String;)Ljava/lang/AbstractStringBuilder; @ 0 jvmci
Event: 1186.571 Thread 0x00007faac4169570 DEOPT PACKING pc=0x00007fab431664f9 sp=0x00007fab012fe4c0
Event: 1186.571 Thread 0x00007faac4169570 DEOPT UNPACKING pc=0x00007fab3b505325 sp=0x00007fab012fd980 mode 3
Event: 1188.978 Thread 0x00007faae8488380 Uncommon trap: trap_request=0xffffff8f fr.pc=0x00007fab43146d14 relative=0x0000000000000274
Event: 1188.978 Thread 0x00007faae8488380 Uncommon trap: reason=constraint action=none pc=0x00007fab43146d14 method=org.eclipse.jdt.internal.core.index.DiskIndex$IntList.add(I)V @ 0 jvmci
Event: 1188.978 Thread 0x00007faae8488380 DEOPT PACKING pc=0x00007fab43146d14 sp=0x00007fab00bfe500
Event: 1188.978 Thread 0x00007faae8488380 DEOPT UNPACKING pc=0x00007fab3b505325 sp=0x00007fab00bfd9b0 mode 3
Event: 1191.258 Thread 0x00007faac4169af0 DEOPT PACKING pc=0x00007fab4309d3d0 sp=0x00007fab392abcb0
Event: 1191.258 Thread 0x00007faac4169af0 DEOPT UNPACKING pc=0x00007fab3b505325 sp=0x00007fab392ab148 mode 1
Event: 1202.747 Thread 0x00007faac41665c0 DEOPT PACKING pc=0x00007fab430975a4 sp=0x00007fab001fd7a0
Event: 1202.747 Thread 0x00007faac41665c0 DEOPT UNPACKING pc=0x00007fab3b505325 sp=0x00007fab001fcb88 mode 1
Event: 1202.747 Thread 0x00007faac41665c0 DEOPT PACKING pc=0x00007fab430b51e8 sp=0x00007fab001fd900
Event: 1202.747 Thread 0x00007faac41665c0 DEOPT UNPACKING pc=0x00007fab3b505325 sp=0x00007fab001fcd98 mode 1
Event: 1219.360 Thread 0x00007fab544e00d0 Uncommon trap: trap_request=0xffffff8f fr.pc=0x00007fab4309b5cc relative=0x000000000000048c
Event: 1219.360 Thread 0x00007fab544e00d0 Uncommon trap: reason=constraint action=none pc=0x00007fab4309b5cc method=java.lang.String.concat(Ljava/lang/String;)Ljava/lang/String; @ 0 jvmci
Event: 1219.360 Thread 0x00007fab544e00d0 DEOPT PACKING pc=0x00007fab4309b5cc sp=0x00007fab005fd7e0
Event: 1219.360 Thread 0x00007fab544e00d0 DEOPT UNPACKING pc=0x00007fab3b505325 sp=0x00007fab005fccb8 mode 3

Classes unloaded (20 events):
Event: 72.076 Thread 0x00007fab540a1bf0 Unloading class 0x0000000800d98400 'java/lang/invoke/LambdaForm$MH+0x0000000800d98400'
Event: 72.076 Thread 0x00007fab540a1bf0 Unloading class 0x0000000800d98000 'jdk/internal/reflect/GeneratedConstructorAccessor3'
Event: 72.076 Thread 0x00007fab540a1bf0 Unloading class 0x0000000800d0a800 'java/lang/invoke/LambdaForm$MH+0x0000000800d0a800'
Event: 72.076 Thread 0x00007fab540a1bf0 Unloading class 0x0000000800d0a000 'java/lang/invoke/LambdaForm$MH+0x0000000800d0a000'
Event: 72.076 Thread 0x00007fab540a1bf0 Unloading class 0x0000000800d09c00 'java/lang/invoke/LambdaForm$MH+0x0000000800d09c00'
Event: 72.076 Thread 0x00007fab540a1bf0 Unloading class 0x0000000800d09800 'java/lang/invoke/LambdaForm$MH+0x0000000800d09800'
Event: 72.076 Thread 0x00007fab540a1bf0 Unloading class 0x0000000800d09000 'java/lang/invoke/LambdaForm$MH+0x0000000800d09000'
Event: 72.076 Thread 0x00007fab540a1bf0 Unloading class 0x0000000800d08c00 'java/lang/invoke/LambdaForm$MH+0x0000000800d08c00'
Event: 72.076 Thread 0x00007fab540a1bf0 Unloading class 0x0000000800d08800 'java/lang/invoke/LambdaForm$MH+0x0000000800d08800'
Event: 72.076 Thread 0x00007fab540a1bf0 Unloading class 0x0000000800d08000 'java/lang/invoke/LambdaForm$MH+0x0000000800d08000'
Event: 72.076 Thread 0x00007fab540a1bf0 Unloading class 0x0000000800c1d000 'jdk/internal/reflect/GeneratedMethodAccessor5'
Event: 72.076 Thread 0x00007fab540a1bf0 Unloading class 0x0000000800c1cc00 'jdk/internal/reflect/GeneratedMethodAccessor4'
Event: 72.076 Thread 0x00007fab540a1bf0 Unloading class 0x0000000800c1c800 'jdk/internal/reflect/GeneratedMethodAccessor3'
Event: 72.076 Thread 0x00007fab540a1bf0 Unloading class 0x0000000800c1c400 'jdk/internal/reflect/GeneratedMethodAccessor2'
Event: 72.076 Thread 0x00007fab540a1bf0 Unloading class 0x0000000800c1c000 'jdk/internal/reflect/GeneratedMethodAccessor1'
Event: 72.076 Thread 0x00007fab540a1bf0 Unloading class 0x0000000800c01c00 'java/lang/invoke/LambdaForm$DMH+0x0000000800c01c00'
Event: 983.659 Thread 0x00007fab540a1bf0 Unloading class 0x000000080109c400 'jdk/internal/reflect/GeneratedSerializationConstructorAccessor7'
Event: 1000.777 Thread 0x00007fab540a1bf0 Unloading class 0x000000080109c800 'jdk/internal/reflect/GeneratedSerializationConstructorAccessor6'
Event: 1000.777 Thread 0x00007fab540a1bf0 Unloading class 0x00000008011ac000 'jdk/internal/reflect/GeneratedSerializationConstructorAccessor5'
Event: 1036.266 Thread 0x00007fab540a1bf0 Unloading class 0x0000000801062400 'jdk/internal/reflect/GeneratedSerializationConstructorAccessor8'

Classes redefined (0 events):
No events

Internal exceptions (20 events):
Event: 1154.261 Thread 0x00007faae8488380 Implicit null exception at 0x00007fab43147d1f to 0x00007fab43148281
Event: 1158.544 Thread 0x00007faae830aa70 Exception <a 'java/lang/OutOfMemoryError'{0x00000000e0004210}> (0x00000000e0004210) 
thrown [src/hotspot/share/gc/shared/memAllocator.cpp, line 138]
Event: 1158.544 Thread 0x00007faae830aa70 Implicit null exception at 0x00007fab4305bf36 to 0x00007fab4305bff9
Event: 1160.905 Thread 0x00007faae830aa70 Exception <a 'java/lang/OutOfMemoryError'{0x00000000e0004210}> (0x00000000e0004210) 
thrown [src/hotspot/share/gc/shared/memAllocator.cpp, line 138]
Event: 1160.905 Thread 0x00007faae830aa70 Implicit null exception at 0x00007fab4305d759 to 0x00007fab4305d83b
Event: 1163.251 Thread 0x00007faac41665c0 Exception <a 'java/lang/OutOfMemoryError'{0x00000000e0004530}> (0x00000000e0004530) 
thrown [src/hotspot/share/gc/shared/memAllocator.cpp, line 136]
Event: 1178.791 Thread 0x00007faac4169570 Exception <a 'java/lang/OutOfMemoryError'{0x00000000e0004530}> (0x00000000e0004530) 
thrown [src/hotspot/share/gc/shared/memAllocator.cpp, line 136]
Event: 1184.238 Thread 0x00007faac4169570 Exception <a 'java/lang/OutOfMemoryError'{0x00000000e0004210}> (0x00000000e0004210) 
thrown [src/hotspot/share/gc/shared/memAllocator.cpp, line 138]
Event: 1184.238 Thread 0x00007faac4169570 Implicit null exception at 0x00007fab42fbb763 to 0x00007fab42fbb8b9
Event: 1186.571 Thread 0x00007faac4169570 Exception <a 'java/lang/OutOfMemoryError'{0x00000000e0004210}> (0x00000000e0004210) 
thrown [src/hotspot/share/gc/shared/memAllocator.cpp, line 138]
Event: 1186.571 Thread 0x00007faac4169570 Implicit null exception at 0x00007fab4316626c to 0x00007fab431664de
Event: 1188.978 Thread 0x00007faae8488380 Exception <a 'java/lang/OutOfMemoryError'{0x00000000e0004210}> (0x00000000e0004210) 
thrown [src/hotspot/share/gc/shared/memAllocator.cpp, line 138]
Event: 1188.978 Thread 0x00007faae8488380 Implicit null exception at 0x00007fab43146c6d to 0x00007fab43146cf9
Event: 1191.258 Thread 0x00007faac4169af0 Exception <a 'java/lang/OutOfMemoryError'{0x00000000e0004530}> (0x00000000e0004530) 
thrown [src/hotspot/share/gc/shared/memAllocator.cpp, line 136]
Event: 1202.746 Thread 0x00007faac41665c0 Exception <a 'java/lang/OutOfMemoryError'{0x00000000e0004530}> (0x00000000e0004530) 
thrown [src/hotspot/share/gc/shared/memAllocator.cpp, line 136]
Event: 1208.369 Thread 0x00007fab544e00d0 Exception <a 'java/lang/OutOfMemoryError'{0x00000000e0004530}> (0x00000000e0004530) 
thrown [src/hotspot/share/gc/shared/memAllocator.cpp, line 136]
Event: 1217.182 Thread 0x00007faac4168170 Exception <a 'java/lang/OutOfMemoryError'{0x00000000e0004530}> (0x00000000e0004530) 
thrown [src/hotspot/share/gc/shared/memAllocator.cpp, line 136]
Event: 1219.360 Thread 0x00007fab544e00d0 Exception <a 'java/lang/OutOfMemoryError'{0x00000000e0004210}> (0x00000000e0004210) 
thrown [src/hotspot/share/gc/shared/memAllocator.cpp, line 138]
Event: 1219.360 Thread 0x00007fab544e00d0 Implicit null exception at 0x00007fab4309b3a6 to 0x00007fab4309b5b1
Event: 1285.751 Thread 0x00007fab540b21b0 Exception <a 'java/lang/OutOfMemoryError'{0x00000000e0004530}> (0x00000000e0004530) 
thrown [src/hotspot/share/gc/shared/memAllocator.cpp, line 136]

VM Operations (20 events):
Event: 1273.446 Executing VM operation: ParallelGCFailedAllocation
Event: 1274.582 Executing VM operation: ParallelGCFailedAllocation done
Event: 1274.582 Executing VM operation: ParallelGCFailedAllocation
Event: 1275.763 Executing VM operation: ParallelGCFailedAllocation done
Event: 1275.763 Executing VM operation: ParallelGCFailedAllocation
Event: 1276.871 Executing VM operation: ParallelGCFailedAllocation done
Event: 1276.871 Executing VM operation: ParallelGCFailedAllocation
Event: 1278.081 Executing VM operation: ParallelGCFailedAllocation done
Event: 1278.082 Executing VM operation: ParallelGCFailedAllocation
Event: 1279.086 Executing VM operation: ParallelGCFailedAllocation done
Event: 1279.086 Executing VM operation: ParallelGCFailedAllocation
Event: 1280.139 Executing VM operation: ParallelGCFailedAllocation done
Event: 1280.139 Executing VM operation: ParallelGCFailedAllocation
Event: 1281.292 Executing VM operation: ParallelGCFailedAllocation done
Event: 1281.338 Executing VM operation: ParallelGCFailedAllocation
Event: 1282.385 Executing VM operation: ParallelGCFailedAllocation done
Event: 1282.385 Executing VM operation: ParallelGCFailedAllocation
Event: 1283.538 Executing VM operation: ParallelGCFailedAllocation done
Event: 1283.538 Executing VM operation: ParallelGCFailedAllocation
Event: 1285.751 Executing VM operation: ParallelGCFailedAllocation done

Events (20 events):
Event: 849.482 Protecting memory [0x00007fab01200000,0x00007fab01204000] with protection modes 0
Event: 881.458 Thread 0x00007faac4169af0 Thread added: 0x00007faac4169af0
Event: 881.458 Protecting memory [0x00007fab391ae000,0x00007fab391b2000] with protection modes 0
Event: 932.456 Thread 0x00007faac416a5b0 Thread added: 0x00007faac416a5b0
Event: 932.456 Protecting memory [0x00007fab38f00000,0x00007fab38f04000] with protection modes 0
Event: 1061.055 loading class java/nio/charset/IllegalCharsetNameException
Event: 1061.055 loading class java/nio/charset/IllegalCharsetNameException done
Event: 1061.055 loading class java/util/concurrent/CompletionException
Event: 1061.056 loading class java/util/concurrent/CompletionException done
Event: 1074.745 loading class java/util/concurrent/CancellationException
Event: 1074.745 loading class java/util/concurrent/CancellationException done
Event: 1079.362 loading class java/util/logging/LogRecord
Event: 1079.362 loading class java/util/logging/LogRecord done
Event: 1080.580 loading class java/util/logging/ConsoleHandler
Event: 1080.580 loading class java/util/logging/StreamHandler
Event: 1080.580 loading class java/util/logging/StreamHandler done
Event: 1118.116 loading class java/util/logging/ConsoleHandler done
Event: 1192.363 Thread 0x00007faac4169af0 Thread exited: 0x00007faac4169af0
Event: 1211.655 Thread 0x00007faac41665c0 Thread exited: 0x00007faac41665c0
Event: 1247.669 Thread 0x00007faac4168170 Thread exited: 0x00007faac4168170


Dynamic libraries:
e0000000-f5580000 rw-p 00000000 00:00 0 
f5580000-fab80000 rw-p 00000000 00:00 0 
fab80000-100000000 ---p 00000000 00:00 0 
800000000-800449000 rw-p 00001000 00:18cd 4611686019135357769            /nix/store/gpxl5qgg8kicmcvivwmybwjlpf7wh20l-graalvm17-ce-22.3.0/lib/server/classes.jsa
800449000-800bc8000 r--p 0044a000 00:18cd 4611686019135357769            /nix/store/gpxl5qgg8kicmcvivwmybwjlpf7wh20l-graalvm17-ce-22.3.0/lib/server/classes.jsa
800bc8000-800c00000 ---p 00000000 00:00 0 
800c00000-800c20000 rw-p 00000000 00:00 0 
800c20000-800c40000 rw-p 00000000 00:00 0 
800c40000-800cc0000 rw-p 00000000 00:00 0 
800cc0000-800d00000 rw-p 00000000 00:00 0 
800d00000-800dc0000 rw-p 00000000 00:00 0 
800dc0000-800e00000 rw-p 00000000 00:00 0 
800e00000-800f40000 rw-p 00000000 00:00 0 
800f40000-800fc0000 rw-p 00000000 00:00 0 
800fc0000-800ff0000 rw-p 00000000 00:00 0 
800ff0000-801000000 ---p 00000000 00:00 0 
801000000-8011b0000 rw-p 00000000 00:00 0 
8011b0000-840c00000 ---p 00000000 00:00 0 
55dfb92c5000-55dfb92c6000 r-xp 00000000 00:18cd 4611686019099417844      /nix/store/gpxl5qgg8kicmcvivwmybwjlpf7wh20l-graalvm17-ce-22.3.0/bin/.java-wrapped
55dfb92c7000-55dfb92c8000 r--p 00001000 00:18cd 4611686019099417844      /nix/store/gpxl5qgg8kicmcvivwmybwjlpf7wh20l-graalvm17-ce-22.3.0/bin/.java-wrapped
55dfb92c8000-55dfb92c9000 rw-p 00002000 00:18cd 4611686019099417844      /nix/store/gpxl5qgg8kicmcvivwmybwjlpf7wh20l-graalvm17-ce-22.3.0/bin/.java-wrapped
55dfb92c9000-55dfb92ca000 rw-p 00004000 00:18cd 4611686019099417844      /nix/store/gpxl5qgg8kicmcvivwmybwjlpf7wh20l-graalvm17-ce-22.3.0/bin/.java-wrapped
55dfb92ca000-55dfb92cb000 rw-p 00005000 00:18cd 4611686019099417844      /nix/store/gpxl5qgg8kicmcvivwmybwjlpf7wh20l-graalvm17-ce-22.3.0/bin/.java-wrapped
55dfb9a8f000-55dfb9ad7000 rw-p 00000000 00:00 0                          [heap]
7faa9c000000-7faa9c021000 rw-p 00000000 00:00 0 
7faa9c021000-7faaa0000000 ---p 00000000 00:00 0 
7faaa4000000-7faaa4051000 rw-p 00000000 00:00 0 
7faaa4051000-7faaa8000000 ---p 00000000 00:00 0 
7faaab000000-7faaab030000 rw-p 00000000 00:00 0 
7faaab030000-7faaab800000 ---p 00000000 00:00 0 
7faaab800000-7faaac000000 rw-p 00000000 00:00 0 
7faaad4b3000-7faab7000000 r--s 00000000 00:18cd 4611686019135192581      /nix/store/gpxl5qgg8kicmcvivwmybwjlpf7wh20l-graalvm17-ce-22.3.0/lib/modules
7faab7000000-7faab7200000 rw-p 00000000 00:00 0 
7faab7200000-7faab7500000 rw-p 00000000 00:00 0 
7faab7500000-7faab75f0000 rw-p 00000000 00:00 0 
7faab75f0000-7faab7600000 ---p 00000000 00:00 0 
7faab7600000-7faab7800000 rw-p 00000000 00:00 0 
7faab7800000-7faab78e0000 rw-p 00000000 00:00 0 
7faab78e0000-7faab7900000 rw-p 00000000 00:00 0 
7faab7900000-7faab7ae0000 rw-p 00000000 00:00 0 
7faab7ae0000-7faab7b00000 rw-p 00000000 00:00 0 
7faab7b00000-7faab7d00000 rw-p 00000000 00:00 0 
7faab7d00000-7faab7e00000 rw-p 00000000 00:00 0 
7faab7e00000-7faab8000000 rw-p 00000000 00:00 0 
7faab8000000-7faab8021000 rw-p 00000000 00:00 0 
7faab8021000-7faabc000000 ---p 00000000 00:00 0 
7faabc000000-7faabc0d0000 rw-p 00000000 00:00 0 
7faabc0d0000-7faac0000000 ---p 00000000 00:00 0 
7faac0000000-7faac0119000 rw-p 00000000 00:00 0 
7faac0119000-7faac4000000 ---p 00000000 00:00 0 
7faac4000000-7faac4187000 rw-p 00000000 00:00 0 
7faac4187000-7faac8000000 ---p 00000000 00:00 0 
7faac8000000-7faac8021000 rw-p 00000000 00:00 0 
7faac8021000-7faacc000000 ---p 00000000 00:00 0 
7faacc000000-7faacc021000 rw-p 00000000 00:00 0 
7faacc021000-7faad0000000 ---p 00000000 00:00 0 
7faad0000000-7faad039a000 rw-p 00000000 00:00 0 
7faad039a000-7faad4000000 ---p 00000000 00:00 0 
7faad4000000-7faad405d000 rw-p 00000000 00:00 0 
7faad405d000-7faad8000000 ---p 00000000 00:00 0 
7faad8000000-7faad8021000 rw-p 00000000 00:00 0 
7faad8021000-7faadc000000 ---p 00000000 00:00 0 
7faadc000000-7faadc09e000 rw-p 00000000 00:00 0 
7faadc09e000-7faae0000000 ---p 00000000 00:00 0 
7faae0000000-7faae0021000 rw-p 00000000 00:00 0 
7faae0021000-7faae4000000 ---p 00000000 00:00 0 
7faae4000000-7faae41a6000 rw-p 00000000 00:00 0 
7faae41a6000-7faae8000000 ---p 00000000 00:00 0 
7faae8000000-7faae88c1000 rw-p 00000000 00:00 0 
7faae88c1000-7faaec000000 ---p 00000000 00:00 0 
7faaec000000-7faaec022000 rw-p 00000000 00:00 0 
7faaec022000-7faaf0000000 ---p 00000000 00:00 0 
7faaf0000000-7faaf0021000 rw-p 00000000 00:00 0 
7faaf0021000-7faaf4000000 ---p 00000000 00:00 0 
7faaf4000000-7faaf4021000 rw-p 00000000 00:00 0 
7faaf4021000-7faaf8000000 ---p 00000000 00:00 0 
7faaf8000000-7faaf8021000 rw-p 00000000 00:00 0 
7faaf8021000-7faafc000000 ---p 00000000 00:00 0 
7faafc000000-7faafc100000 rw-p 00000000 00:00 0 
7faafc100000-7faafc700000 rw-p 00000000 00:00 0 
7faafc700000-7faafc800000 rw-p 00000000 00:00 0 
7faafc800000-7faafc900000 rw-p 00000000 00:00 0 
7faafc900000-7faafca00000 rw-p 00000000 00:00 0 
7faafca00000-7faafcf40000 rw-p 00000000 00:00 0 
7faafcf40000-7faafcf80000 rw-p 00000000 00:00 0 
7faafcf80000-7faafd000000 rw-p 00000000 00:00 0 
7faafd200000-7faafd210000 r-xp 00000000 00:18ca 356                      /home/runner/.cache/jdt-language-server/config/org.eclipse.equinox.launcher/org.eclipse.equinox.launcher.gtk.linux.x86_64_1.2.400.v20211117-0650/eclipse_11600.so
7faafd210000-7faafd40f000 ---p 00010000 00:18ca 356                      /home/runner/.cache/jdt-language-server/config/org.eclipse.equinox.launcher/org.eclipse.equinox.launcher.gtk.linux.x86_64_1.2.400.v20211117-0650/eclipse_11600.so
7faafd40f000-7faafd410000 r--p 0000f000 00:18ca 356                      /home/runner/.cache/jdt-language-server/config/org.eclipse.equinox.launcher/org.eclipse.equinox.launcher.gtk.linux.x86_64_1.2.400.v20211117-0650/eclipse_11600.so
7faafd410000-7faafd411000 rw-p 00010000 00:18ca 356                      /home/runner/.cache/jdt-language-server/config/org.eclipse.equinox.launcher/org.eclipse.equinox.launcher.gtk.linux.x86_64_1.2.400.v20211117-0650/eclipse_11600.so
7faafef00000-7faaff000000 ---p 00000000 00:00 0 
7faaff000000-7faaff5af000 r--p 01122000 00:18cd 4611686019135190040      /nix/store/gpxl5qgg8kicmcvivwmybwjlpf7wh20l-graalvm17-ce-22.3.0/lib/libjvmcicompiler.so
7faaff5af000-7faaff700000 r--p 00000000 00:00 0 
7faaff700000-7faaff73d000 rw-p 00000000 00:00 0 
7faaff73d000-7faaffc5d000 rw-p 0185f000 00:18cd 4611686019135190040      /nix/store/gpxl5qgg8kicmcvivwmybwjlpf7wh20l-graalvm17-ce-22.3.0/lib/libjvmcicompiler.so
7faaffc5d000-7fab00044000 r--p 01d7f000 00:18cd 4611686019135190040      /nix/store/gpxl5qgg8kicmcvivwmybwjlpf7wh20l-graalvm17-ce-22.3.0/lib/libjvmcicompiler.so
7fab00100000-7fab00104000 ---p 00000000 00:00 0 
7fab00104000-7fab00200000 rw-p 00000000 00:00 0 
7fab00300000-7fab00304000 ---p 00000000 00:00 0 
7fab00304000-7fab00400000 rw-p 00000000 00:00 0 
7fab00500000-7fab00504000 ---p 00000000 00:00 0 
7fab00504000-7fab00600000 rw-p 00000000 00:00 0 
7fab00700000-7fab00704000 ---p 00000000 00:00 0 
7fab00704000-7fab00800000 rw-p 00000000 00:00 0 
7fab00800000-7fab00804000 ---p 00000000 00:00 0 
7fab00804000-7fab00900000 rw-p 00000000 00:00 0 
7fab00900000-7fab00904000 ---p 00000000 00:00 0 
7fab00904000-7fab00a00000 rw-p 00000000 00:00 0 
7fab00b00000-7fab00b04000 ---p 00000000 00:00 0 
7fab00b04000-7fab00c00000 rw-p 00000000 00:00 0 
7fab00d00000-7fab00d04000 ---p 00000000 00:00 0 
7fab00d04000-7fab00e00000 rw-p 00000000 00:00 0 
7fab00f00000-7fab00f04000 ---p 00000000 00:00 0 
7fab00f04000-7fab01000000 rw-p 00000000 00:00 0 
7fab01100000-7fab01104000 ---p 00000000 00:00 0 
7fab01104000-7fab01200000 rw-p 00000000 00:00 0 
7fab01200000-7fab01204000 ---p 00000000 00:00 0 
7fab01204000-7fab01300000 rw-p 00000000 00:00 0 
7fab01300000-7fab01304000 ---p 00000000 00:00 0 
7fab01304000-7fab01400000 rw-p 00000000 00:00 0 
7fab01500000-7fab01504000 ---p 00000000 00:00 0 
7fab01504000-7fab01600000 rw-p 00000000 00:00 0 
7fab01700000-7fab01704000 ---p 00000000 00:00 0 
7fab01704000-7fab01800000 rw-p 00000000 00:00 0 
7fab01900000-7fab01904000 ---p 00000000 00:00 0 
7fab01904000-7fab01a00000 rw-p 00000000 00:00 0 
7fab01b00000-7fab01b04000 ---p 00000000 00:00 0 
7fab01b04000-7fab01c00000 rw-p 00000000 00:00 0 
7fab01c00000-7fab03d6a000 r-xp 00000000 00:18cd 4611686019135190040      /nix/store/gpxl5qgg8kicmcvivwmybwjlpf7wh20l-graalvm17-ce-22.3.0/lib/libjvmcicompiler.so
7fab03d6a000-7fab03f69000 ---p 0216a000 00:18cd 4611686019135190040      /nix/store/gpxl5qgg8kicmcvivwmybwjlpf7wh20l-graalvm17-ce-22.3.0/lib/libjvmcicompiler.so
7fab03f69000-7fab03f6a000 r--p 02169000 00:18cd 4611686019135190040      /nix/store/gpxl5qgg8kicmcvivwmybwjlpf7wh20l-graalvm17-ce-22.3.0/lib/libjvmcicompiler.so
7fab03f6a000-7fab03f6c000 rw-p 0216a000 00:18cd 4611686019135190040      /nix/store/gpxl5qgg8kicmcvivwmybwjlpf7wh20l-graalvm17-ce-22.3.0/lib/libjvmcicompiler.so
7fab03f6c000-7fab03f6d000 rw-p 00000000 00:00 0 
7fab03f6d000-7fab03f72000 rw-p 023c3000 00:18cd 4611686019135190040      /nix/store/gpxl5qgg8kicmcvivwmybwjlpf7wh20l-graalvm17-ce-22.3.0/lib/libjvmcicompiler.so
7fab04000000-7fab04021000 rw-p 00000000 00:00 0 
7fab04021000-7fab08000000 ---p 00000000 00:00 0 
7fab08000000-7fab08021000 rw-p 00000000 00:00 0 
7fab08021000-7fab0c000000 ---p 00000000 00:00 0 
7fab0c000000-7fab0c021000 rw-p 00000000 00:00 0 
7fab0c021000-7fab10000000 ---p 00000000 00:00 0 
7fab10000000-7fab10021000 rw-p 00000000 00:00 0 
7fab10021000-7fab14000000 ---p 00000000 00:00 0 
7fab14000000-7fab140d4000 rw-p 00000000 00:00 0 
7fab140d4000-7fab18000000 ---p 00000000 00:00 0 
7fab18000000-7fab18b3a000 rw-p 00000000 00:00 0 
7fab18b3a000-7fab1c000000 ---p 00000000 00:00 0 
7fab1c000000-7fab1c021000 rw-p 00000000 00:00 0 
7fab1c021000-7fab20000000 ---p 00000000 00:00 0 
7fab20000000-7fab20021000 rw-p 00000000 00:00 0 
7fab20021000-7fab24000000 ---p 00000000 00:00 0 
7fab24000000-7fab24021000 rw-p 00000000 00:00 0 
7fab24021000-7fab28000000 ---p 00000000 00:00 0 
7fab28000000-7fab28021000 rw-p 00000000 00:00 0 
7fab28021000-7fab2c000000 ---p 00000000 00:00 0 
7fab2c000000-7fab2c021000 rw-p 00000000 00:00 0 
7fab2c021000-7fab30000000 ---p 00000000 00:00 0 
7fab30000000-7fab30021000 rw-p 00000000 00:00 0 
7fab30021000-7fab34000000 ---p 00000000 00:00 0 
7fab34000000-7fab34072000 rw-p 00000000 00:00 0 
7fab34072000-7fab38000000 ---p 00000000 00:00 0 
7fab38000000-7fab38004000 ---p 00000000 00:00 0 
7fab38004000-7fab38100000 rw-p 00000000 00:00 0 
7fab38aa9000-7fab38e00000 rw-p 00000000 00:00 0 
7fab38f00000-7fab38f04000 ---p 00000000 00:00 0 
7fab38f04000-7fab39000000 rw-p 00000000 00:00 0 
7fab3906d000-7fab391ae000 rw-p 00000000 00:00 0 
7fab391ae000-7fab391b2000 ---p 00000000 00:00 0 
7fab391b2000-7fab392ae000 rw-p 00000000 00:00 0 
7fab392ae000-7fab392b0000 r-xp 00000000 00:18cd 4611686019135190017      /nix/store/gpxl5qgg8kicmcvivwmybwjlpf7wh20l-graalvm17-ce-22.3.0/lib/libextnet.so
7fab392b0000-7fab392b1000 r--p 00001000 00:18cd 4611686019135190017      /nix/store/gpxl5qgg8kicmcvivwmybwjlpf7wh20l-graalvm17-ce-22.3.0/lib/libextnet.so
7fab392b1000-7fab392b2000 rw-p 00002000 00:18cd 4611686019135190017      /nix/store/gpxl5qgg8kicmcvivwmybwjlpf7wh20l-graalvm17-ce-22.3.0/lib/libextnet.so
7fab392b2000-7fab392b3000 rw-p 00004000 00:18cd 4611686019135190017      /nix/store/gpxl5qgg8kicmcvivwmybwjlpf7wh20l-graalvm17-ce-22.3.0/lib/libextnet.so
7fab392b3000-7fab392b7000 ---p 00000000 00:00 0 
7fab392b7000-7fab392d5000 rw-p 00000000 00:00 0 
7fab392d5000-7fab392dc000 r-xp 00000000 00:18cd 4611686019135192580      /nix/store/gpxl5qgg8kicmcvivwmybwjlpf7wh20l-graalvm17-ce-22.3.0/lib/libzip.so
7fab392dc000-7fab392dd000 ---p 00007000 00:18cd 4611686019135192580      /nix/store/gpxl5qgg8kicmcvivwmybwjlpf7wh20l-graalvm17-ce-22.3.0/lib/libzip.so
7fab392dd000-7fab392de000 r--p 00007000 00:18cd 4611686019135192580      /nix/store/gpxl5qgg8kicmcvivwmybwjlpf7wh20l-graalvm17-ce-22.3.0/lib/libzip.so
7fab392de000-7fab392df000 rw-p 00008000 00:18cd 4611686019135192580      /nix/store/gpxl5qgg8kicmcvivwmybwjlpf7wh20l-graalvm17-ce-22.3.0/lib/libzip.so
7fab392df000-7fab392e1000 rw-p 0000b000 00:18cd 4611686019135192580      /nix/store/gpxl5qgg8kicmcvivwmybwjlpf7wh20l-graalvm17-ce-22.3.0/lib/libzip.so
7fab392e1000-7fab392f6000 r-xp 00000000 00:18cd 4611686019135192570      /nix/store/gpxl5qgg8kicmcvivwmybwjlpf7wh20l-graalvm17-ce-22.3.0/lib/libnet.so
7fab392f6000-7fab392f7000 ---p 00015000 00:18cd 4611686019135192570      /nix/store/gpxl5qgg8kicmcvivwmybwjlpf7wh20l-graalvm17-ce-22.3.0/lib/libnet.so
7fab392f7000-7fab392f8000 r--p 00015000 00:18cd 4611686019135192570      /nix/store/gpxl5qgg8kicmcvivwmybwjlpf7wh20l-graalvm17-ce-22.3.0/lib/libnet.so
7fab392f8000-7fab392f9000 rw-p 00016000 00:18cd 4611686019135192570      /nix/store/gpxl5qgg8kicmcvivwmybwjlpf7wh20l-graalvm17-ce-22.3.0/lib/libnet.so
7fab392f9000-7fab392fc000 rw-p 0001b000 00:18cd 4611686019135192570      /nix/store/gpxl5qgg8kicmcvivwmybwjlpf7wh20l-graalvm17-ce-22.3.0/lib/libnet.so
7fab392fc000-7fab3930f000 r-xp 00000000 00:18cd 4611686019135192571      /nix/store/gpxl5qgg8kicmcvivwmybwjlpf7wh20l-graalvm17-ce-22.3.0/lib/libnio.so
7fab3930f000-7fab39310000 r--p 00012000 00:18cd 4611686019135192571      /nix/store/gpxl5qgg8kicmcvivwmybwjlpf7wh20l-graalvm17-ce-22.3.0/lib/libnio.so
7fab39310000-7fab39311000 rw-p 00013000 00:18cd 4611686019135192571      /nix/store/gpxl5qgg8kicmcvivwmybwjlpf7wh20l-graalvm17-ce-22.3.0/lib/libnio.so
7fab39311000-7fab39316000 rw-p 00019000 00:18cd 4611686019135192571      /nix/store/gpxl5qgg8kicmcvivwmybwjlpf7wh20l-graalvm17-ce-22.3.0/lib/libnio.so
7fab39316000-7fab39317000 ---p 00000000 00:00 0 
7fab39317000-7fab39418000 rw-p 00000000 00:00 0 
7fab39418000-7fab3941c000 ---p 00000000 00:00 0 
7fab3941c000-7fab39518000 rw-p 00000000 00:00 0 
7fab39518000-7fab3951c000 ---p 00000000 00:00 0 
7fab3951c000-7fab39618000 rw-p 00000000 00:00 0 
7fab39618000-7fab3961c000 ---p 00000000 00:00 0 
7fab3961c000-7fab39718000 rw-p 00000000 00:00 0 
7fab39718000-7fab3971c000 ---p 00000000 00:00 0 
7fab3971c000-7fab39918000 rw-p 00000000 00:00 0 
7fab39918000-7fab3991c000 ---p 00000000 00:00 0 
7fab3991c000-7fab39b18000 rw-p 00000000 00:00 0 
7fab39b18000-7fab39b1c000 ---p 00000000 00:00 0 
7fab39b1c000-7fab39c18000 rw-p 00000000 00:00 0 
7fab39c18000-7fab39c1c000 ---p 00000000 00:00 0 
7fab39c1c000-7fab39d18000 rw-p 00000000 00:00 0 
7fab39d18000-7fab39d1c000 ---p 00000000 00:00 0 
7fab39d1c000-7fab39e18000 rw-p 00000000 00:00 0 
7fab39e18000-7fab3a0fe000 r--p 00000000 00:1647 28444448                 /usr/lib/locale/locale-archive
7fab3a0fe000-7fab3a102000 ---p 00000000 00:00 0 
7fab3a102000-7fab3a1fe000 rw-p 00000000 00:00 0 
7fab3a1fe000-7fab3a202000 ---p 00000000 00:00 0 
7fab3a202000-7fab3a2fe000 rw-p 00000000 00:00 0 
7fab3a2fe000-7fab3a2ff000 ---p 00000000 00:00 0 
7fab3a2ff000-7fab3a800000 rw-p 00000000 00:00 0 
7fab3a800000-7fab3ab00000 rw-p 00000000 00:00 0 
7fab3ab00000-7fab3ac00000 rw-p 00000000 00:00 0 
7fab3ac01000-7fab3accf000 r-xp 00000000 00:18cd 4611686019135190036      /nix/store/gpxl5qgg8kicmcvivwmybwjlpf7wh20l-graalvm17-ce-22.3.0/lib/libjsvml.so
7fab3accf000-7fab3acd0000 r--p 000cd000 00:18cd 4611686019135190036      /nix/store/gpxl5qgg8kicmcvivwmybwjlpf7wh20l-graalvm17-ce-22.3.0/lib/libjsvml.so
7fab3acd0000-7fab3acd1000 rw-p 000ce000 00:18cd 4611686019135190036      /nix/store/gpxl5qgg8kicmcvivwmybwjlpf7wh20l-graalvm17-ce-22.3.0/lib/libjsvml.so
7fab3acd1000-7fab3b4b3000 rw-p 00000000 00:00 0 
7fab3b4b3000-7fab3b723000 rwxp 00000000 00:00 0 
7fab3b723000-7fab3ba42000 ---p 00000000 00:00 0 
7fab3ba42000-7fab3c7d2000 rwxp 00000000 00:00 0 
7fab3c7d2000-7fab42f7a000 ---p 00000000 00:00 0 
7fab42f7a000-7fab431ea000 rwxp 00000000 00:00 0 
7fab431ea000-7fab4a4b3000 ---p 00000000 00:00 0 
7fab4a4b3000-7fab54000000 r--s 00000000 00:18cd 4611686019135192581      /nix/store/gpxl5qgg8kicmcvivwmybwjlpf7wh20l-graalvm17-ce-22.3.0/lib/modules
7fab54000000-7fab54622000 rw-p 00000000 00:00 0 
7fab54622000-7fab58000000 ---p 00000000 00:00 0 
7fab58002000-7fab590f8000 rw-p 00000000 00:00 0 
7fab590f8000-7fab590f9000 ---p 00000000 00:00 0 
7fab590f9000-7fab592a4000 rw-p 00000000 00:00 0 
7fab592a4000-7fab592d0000 rw-p 00000000 00:00 0 
7fab592d0000-7fab592fa000 ---p 00000000 00:00 0 
7fab592fa000-7fab59300000 rw-p 00000000 00:00 0 
7fab59300000-7fab593e6000 ---p 00000000 00:00 0 
7fab593e6000-7fab59402000 rw-p 00000000 00:00 0 
7fab59402000-7fab594d1000 ---p 00000000 00:00 0 
7fab594d1000-7fab594d6000 rw-p 00000000 00:00 0 
7fab594d6000-7fab594dd000 ---p 00000000 00:00 0 
7fab594dd000-7fab59501000 r-xp 00000000 00:18cd 4611686019135190028      /nix/store/gpxl5qgg8kicmcvivwmybwjlpf7wh20l-graalvm17-ce-22.3.0/lib/libjava.so
7fab59501000-7fab59502000 ---p 00024000 00:18cd 4611686019135190028      /nix/store/gpxl5qgg8kicmcvivwmybwjlpf7wh20l-graalvm17-ce-22.3.0/lib/libjava.so
7fab59502000-7fab59503000 r--p 00024000 00:18cd 4611686019135190028      /nix/store/gpxl5qgg8kicmcvivwmybwjlpf7wh20l-graalvm17-ce-22.3.0/lib/libjava.so
7fab59503000-7fab59504000 rw-p 00025000 00:18cd 4611686019135190028      /nix/store/gpxl5qgg8kicmcvivwmybwjlpf7wh20l-graalvm17-ce-22.3.0/lib/libjava.so
7fab59504000-7fab59505000 rw-p 00000000 00:00 0 
7fab59505000-7fab5950c000 rw-p 0002f000 00:18cd 4611686019135190028      /nix/store/gpxl5qgg8kicmcvivwmybwjlpf7wh20l-graalvm17-ce-22.3.0/lib/libjava.so
7fab5950c000-7fab59514000 rw-s 00000000 00:1629 353                      /tmp/hsperfdata_runner/30
7fab59514000-7fab59515000 ---p 00000000 00:00 0 
7fab59515000-7fab59516000 r--p 00000000 00:00 0 
7fab59516000-7fab59517000 rwxp 00000000 00:00 0 
7fab59517000-7fab59532000 r-xp 00000000 00:18cd 4611686019135190032      /nix/store/gpxl5qgg8kicmcvivwmybwjlpf7wh20l-graalvm17-ce-22.3.0/lib/libjimage.so
7fab59532000-7fab59533000 ---p 0001b000 00:18cd 4611686019135190032      /nix/store/gpxl5qgg8kicmcvivwmybwjlpf7wh20l-graalvm17-ce-22.3.0/lib/libjimage.so
7fab59533000-7fab59535000 r--p 0001b000 00:18cd 4611686019135190032      /nix/store/gpxl5qgg8kicmcvivwmybwjlpf7wh20l-graalvm17-ce-22.3.0/lib/libjimage.so
7fab59535000-7fab59536000 rw-p 0001d000 00:18cd 4611686019135190032      /nix/store/gpxl5qgg8kicmcvivwmybwjlpf7wh20l-graalvm17-ce-22.3.0/lib/libjimage.so
7fab59536000-7fab59537000 rw-p 00024000 00:18cd 4611686019135190032      /nix/store/gpxl5qgg8kicmcvivwmybwjlpf7wh20l-graalvm17-ce-22.3.0/lib/libjimage.so
7fab59537000-7fab5953b000 ---p 00000000 00:00 0 
7fab5953b000-7fab59637000 rw-p 00000000 00:00 0 
7fab59637000-7fab59645000 r--p 00000000 00:18cd 4611686019027979927      /nix/store/4nlgxhb09sdr51nc9hdm8az5b08vzkgx-glibc-2.35-163/lib/libm.so.6
7fab59645000-7fab596b8000 r-xp 0000e000 00:18cd 4611686019027979927      /nix/store/4nlgxhb09sdr51nc9hdm8az5b08vzkgx-glibc-2.35-163/lib/libm.so.6
7fab596b8000-7fab59715000 r--p 00081000 00:18cd 4611686019027979927      /nix/store/4nlgxhb09sdr51nc9hdm8az5b08vzkgx-glibc-2.35-163/lib/libm.so.6
7fab59715000-7fab59716000 r--p 000dd000 00:18cd 4611686019027979927      /nix/store/4nlgxhb09sdr51nc9hdm8az5b08vzkgx-glibc-2.35-163/lib/libm.so.6
7fab59716000-7fab59717000 rw-p 000de000 00:18cd 4611686019027979927      /nix/store/4nlgxhb09sdr51nc9hdm8az5b08vzkgx-glibc-2.35-163/lib/libm.so.6
7fab59717000-7fab59718000 r--p 00000000 00:18cd 4611686019027979946      /nix/store/4nlgxhb09sdr51nc9hdm8az5b08vzkgx-glibc-2.35-163/lib/librt.so.1
7fab59718000-7fab59719000 r-xp 00001000 00:18cd 4611686019027979946      /nix/store/4nlgxhb09sdr51nc9hdm8az5b08vzkgx-glibc-2.35-163/lib/librt.so.1
7fab59719000-7fab5971a000 r--p 00002000 00:18cd 4611686019027979946      /nix/store/4nlgxhb09sdr51nc9hdm8az5b08vzkgx-glibc-2.35-163/lib/librt.so.1
7fab5971a000-7fab5971b000 r--p 00002000 00:18cd 4611686019027979946      /nix/store/4nlgxhb09sdr51nc9hdm8az5b08vzkgx-glibc-2.35-163/lib/librt.so.1
7fab5971b000-7fab5971c000 rw-p 00003000 00:18cd 4611686019027979946      /nix/store/4nlgxhb09sdr51nc9hdm8az5b08vzkgx-glibc-2.35-163/lib/librt.so.1
7fab5971c000-7fab5a82f000 r-xp 00000000 00:18cd 4611686019135360866      /nix/store/gpxl5qgg8kicmcvivwmybwjlpf7wh20l-graalvm17-ce-22.3.0/lib/server/libjvm.so
7fab5a82f000-7fab5a830000 ---p 01113000 00:18cd 4611686019135360866      /nix/store/gpxl5qgg8kicmcvivwmybwjlpf7wh20l-graalvm17-ce-22.3.0/lib/server/libjvm.so
7fab5a830000-7fab5a8e5000 r--p 01113000 00:18cd 4611686019135360866      /nix/store/gpxl5qgg8kicmcvivwmybwjlpf7wh20l-graalvm17-ce-22.3.0/lib/server/libjvm.so
7fab5a8e5000-7fab5a919000 rw-p 011c8000 00:18cd 4611686019135360866      /nix/store/gpxl5qgg8kicmcvivwmybwjlpf7wh20l-graalvm17-ce-22.3.0/lib/server/libjvm.so
7fab5a919000-7fab5a975000 rw-p 00000000 00:00 0 
7fab5a975000-7fab5a99d000 r--p 00000000 00:18cd 4611686019027979918      /nix/store/4nlgxhb09sdr51nc9hdm8az5b08vzkgx-glibc-2.35-163/lib/libc.so.6
7fab5a99d000-7fab5ab13000 r-xp 00028000 00:18cd 4611686019027979918      /nix/store/4nlgxhb09sdr51nc9hdm8az5b08vzkgx-glibc-2.35-163/lib/libc.so.6
7fab5ab13000-7fab5ab6b000 r--p 0019e000 00:18cd 4611686019027979918      /nix/store/4nlgxhb09sdr51nc9hdm8az5b08vzkgx-glibc-2.35-163/lib/libc.so.6
7fab5ab6b000-7fab5ab6f000 r--p 001f6000 00:18cd 4611686019027979918      /nix/store/4nlgxhb09sdr51nc9hdm8az5b08vzkgx-glibc-2.35-163/lib/libc.so.6
7fab5ab6f000-7fab5ab71000 rw-p 001fa000 00:18cd 4611686019027979918      /nix/store/4nlgxhb09sdr51nc9hdm8az5b08vzkgx-glibc-2.35-163/lib/libc.so.6
7fab5ab71000-7fab5ab80000 rw-p 00000000 00:00 0 
7fab5ab80000-7fab5ab81000 r--p 00000000 00:18cd 4611686019027979923      /nix/store/4nlgxhb09sdr51nc9hdm8az5b08vzkgx-glibc-2.35-163/lib/libdl.so.2
7fab5ab81000-7fab5ab82000 r-xp 00001000 00:18cd 4611686019027979923      /nix/store/4nlgxhb09sdr51nc9hdm8az5b08vzkgx-glibc-2.35-163/lib/libdl.so.2
7fab5ab82000-7fab5ab83000 r--p 00002000 00:18cd 4611686019027979923      /nix/store/4nlgxhb09sdr51nc9hdm8az5b08vzkgx-glibc-2.35-163/lib/libdl.so.2
7fab5ab83000-7fab5ab84000 r--p 00002000 00:18cd 4611686019027979923      /nix/store/4nlgxhb09sdr51nc9hdm8az5b08vzkgx-glibc-2.35-163/lib/libdl.so.2
7fab5ab84000-7fab5ab85000 rw-p 00003000 00:18cd 4611686019027979923      /nix/store/4nlgxhb09sdr51nc9hdm8az5b08vzkgx-glibc-2.35-163/lib/libdl.so.2
7fab5ab85000-7fab5ab86000 r--p 00000000 00:18cd 4611686019027979942      /nix/store/4nlgxhb09sdr51nc9hdm8az5b08vzkgx-glibc-2.35-163/lib/libpthread.so.0
7fab5ab86000-7fab5ab87000 r-xp 00001000 00:18cd 4611686019027979942      /nix/store/4nlgxhb09sdr51nc9hdm8az5b08vzkgx-glibc-2.35-163/lib/libpthread.so.0
7fab5ab87000-7fab5ab88000 r--p 00002000 00:18cd 4611686019027979942      /nix/store/4nlgxhb09sdr51nc9hdm8az5b08vzkgx-glibc-2.35-163/lib/libpthread.so.0
7fab5ab88000-7fab5ab89000 r--p 00002000 00:18cd 4611686019027979942      /nix/store/4nlgxhb09sdr51nc9hdm8az5b08vzkgx-glibc-2.35-163/lib/libpthread.so.0
7fab5ab89000-7fab5ab8a000 rw-p 00003000 00:18cd 4611686019027979942      /nix/store/4nlgxhb09sdr51nc9hdm8az5b08vzkgx-glibc-2.35-163/lib/libpthread.so.0
7fab5ab8a000-7fab5ab98000 r-xp 00000000 00:18cd 4611686019135190033      /nix/store/gpxl5qgg8kicmcvivwmybwjlpf7wh20l-graalvm17-ce-22.3.0/lib/libjli.so
7fab5ab98000-7fab5ab99000 ---p 0000e000 00:18cd 4611686019135190033      /nix/store/gpxl5qgg8kicmcvivwmybwjlpf7wh20l-graalvm17-ce-22.3.0/lib/libjli.so
7fab5ab99000-7fab5ab9a000 r--p 0000e000 00:18cd 4611686019135190033      /nix/store/gpxl5qgg8kicmcvivwmybwjlpf7wh20l-graalvm17-ce-22.3.0/lib/libjli.so
7fab5ab9a000-7fab5ab9b000 rw-p 0000f000 00:18cd 4611686019135190033      /nix/store/gpxl5qgg8kicmcvivwmybwjlpf7wh20l-graalvm17-ce-22.3.0/lib/libjli.so
7fab5ab9b000-7fab5ab9c000 rw-p 00012000 00:18cd 4611686019135190033      /nix/store/gpxl5qgg8kicmcvivwmybwjlpf7wh20l-graalvm17-ce-22.3.0/lib/libjli.so
7fab5ab9c000-7fab5ab9f000 r--p 00000000 00:18cd 4611686019106210071      /nix/store/026hln0aq1hyshaxsdvhg0kmcm6yf45r-zlib-1.2.13/lib/libz.so.1.2.13
7fab5ab9f000-7fab5abb1000 r-xp 00003000 00:18cd 4611686019106210071      /nix/store/026hln0aq1hyshaxsdvhg0kmcm6yf45r-zlib-1.2.13/lib/libz.so.1.2.13
7fab5abb1000-7fab5abb8000 r--p 00015000 00:18cd 4611686019106210071      /nix/store/026hln0aq1hyshaxsdvhg0kmcm6yf45r-zlib-1.2.13/lib/libz.so.1.2.13
7fab5abb8000-7fab5abb9000 r--p 0001b000 00:18cd 4611686019106210071      /nix/store/026hln0aq1hyshaxsdvhg0kmcm6yf45r-zlib-1.2.13/lib/libz.so.1.2.13
7fab5abb9000-7fab5abba000 rw-p 0001c000 00:18cd 4611686019106210071      /nix/store/026hln0aq1hyshaxsdvhg0kmcm6yf45r-zlib-1.2.13/lib/libz.so.1.2.13
7fab5abba000-7fab5abbc000 rw-p 00000000 00:00 0 
7fab5abbc000-7fab5abbe000 r--p 00000000 00:18cd 4611686019027979912      /nix/store/4nlgxhb09sdr51nc9hdm8az5b08vzkgx-glibc-2.35-163/lib/ld-linux-x86-64.so.2
7fab5abbe000-7fab5abe5000 r-xp 00002000 00:18cd 4611686019027979912      /nix/store/4nlgxhb09sdr51nc9hdm8az5b08vzkgx-glibc-2.35-163/lib/ld-linux-x86-64.so.2
7fab5abe5000-7fab5abf1000 r--p 00029000 00:18cd 4611686019027979912      /nix/store/4nlgxhb09sdr51nc9hdm8az5b08vzkgx-glibc-2.35-163/lib/ld-linux-x86-64.so.2
7fab5abf1000-7fab5abf3000 r--p 00034000 00:18cd 4611686019027979912      /nix/store/4nlgxhb09sdr51nc9hdm8az5b08vzkgx-glibc-2.35-163/lib/ld-linux-x86-64.so.2
7fab5abf3000-7fab5abf5000 rw-p 00036000 00:18cd 4611686019027979912      /nix/store/4nlgxhb09sdr51nc9hdm8az5b08vzkgx-glibc-2.35-163/lib/ld-linux-x86-64.so.2
7ffc780a7000-7ffc780cc000 rw-p 00000000 00:00 0                          [stack]
7ffc781a6000-7ffc781aa000 r--p 00000000 00:00 0                          [vvar]
7ffc781aa000-7ffc781ac000 r-xp 00000000 00:00 0                          [vdso]
ffffffffff600000-ffffffffff601000 --xp 00000000 00:00 0                  [vsyscall]


VM Arguments:
jvm_args: -XX:ThreadPriorityPolicy=1 -XX:+UnlockExperimentalVMOptions -XX:+EnableJVMCIProduct -XX:JVMCIThreadsPerNativeLibraryRuntime=1 -XX:-UnlockExperimentalVMOptions -Declipse.application=org.eclipse.jdt.ls.core.id1 -Dosgi.bundles.defaultStartLevel=4 -Declipse.product=org.eclipse.jdt.ls.core.product -Dlog.level=ALL -Xverify:none -XX:+UseParallelGC -XX:GCTimeRatio=4 -XX:AdaptiveSizePolicyWeight=90 -Dsun.zip.disableMemoryMapping=true -Xmx512m -Xms100m 
java_command: /nix/store/m6gcpi1ii6rghy04cjwjddcavv7i90df-jdt-language-server-1.9.0/share/java/plugins/org.eclipse.equinox.launcher_1.6.400.v20210924-0641.jar --add-modules=ALL-SYSTEM --add-opens java.base/java.util=ALL-UNNAMED --add-opens java.base/java.lang=ALL-UNNAMED -configuration /home/runner/.cache/jdt-language-server/config -data /home/runner/.cache/jdt-language-server/data/home/runner/JavaMP
java_class_path (initial): /nix/store/m6gcpi1ii6rghy04cjwjddcavv7i90df-jdt-language-server-1.9.0/share/java/plugins/org.eclipse.equinox.launcher_1.6.400.v20210924-0641.jar
Launcher Type: SUN_STANDARD

[Global flags]
    uintx AdaptiveSizePolicyWeight                 = 90                                        {product} {command line}
     intx CICompilerCount                          = 2                                         {product} {ergonomic}
     bool EnableJVMCIProduct                       = true                                {JVMCI product} {jimage}
    uintx GCTimeRatio                              = 4                                         {product} {command line}
   size_t InitialHeapSize                          = 104857600                                 {product} {command line}
     uint JVMCIThreadsPerNativeLibraryRuntime      = 1                                   {JVMCI product} {jimage}
   size_t MaxHeapSize                              = 536870912                                 {product} {command line}
   size_t MaxNewSize                               = 178782208                                 {product} {ergonomic}
   size_t MinHeapDeltaBytes                        = 524288                                    {product} {ergonomic}
   size_t MinHeapSize                              = 104857600                                 {product} {command line}
   size_t NewSize                                  = 34603008                                  {product} {ergonomic}
    uintx NonNMethodCodeHeapSize                   = 5826188                                {pd product} {ergonomic}
    uintx NonProfiledCodeHeapSize                  = 122916026                              {pd product} {ergonomic}
   size_t OldSize                                  = 70254592                                  {product} {ergonomic}
    uintx ProfiledCodeHeapSize                     = 122916026                              {pd product} {ergonomic}
    uintx ReservedCodeCacheSize                    = 251658240                              {pd product} {ergonomic}
     bool SegmentedCodeCache                       = true                                      {product} {ergonomic}
   size_t SoftMaxHeapSize                          = 536870912                              {manageable} {ergonomic}
     intx ThreadPriorityPolicy                     = 1                                         {product} {jimage}
     bool UseCompressedClassPointers               = true                           {product lp64_product} {ergonomic}
     bool UseCompressedOops                        = true                           {product lp64_product} {ergonomic}
     bool UseParallelGC                            = true                                      {product} {command line}

Logging:
Log output configuration:
 #0: stdout all=warning uptime,level,tags
 #1: stderr all=off uptime,level,tags

Environment Variables:
JAVA_HOME=/nix/store/gpxl5qgg8kicmcvivwmybwjlpf7wh20l-graalvm17-ce-22.3.0
PATH=/nix/store/1d6ian3r8kdzspw8hacjhl3xkp40g1lj-binutils-wrapper-2.39/bin:/nix/store/dq0xwmsk1g0i2ayg6pb7y87na2knzylh-gcc-wrapper-11.3.0/bin:/nix/store/bap4d0lpcrhpwmpb8ayjcgkmvfj62lnq-bash-interactive-5.1-p16/bin:/nix/store/pr5n59mb4jzmfx6kanwxly0l07p861fg-patchelf-0.15.0/bin:/nix/store/1gf2flfqnpqbr1b4p4qz2f72y42bs56r-gcc-11.3.0/bin:/nix/store/57xv61c5zi8pphjbcwxxjlgc34p61ic9-glibc-2.35-163-bin/bin:/nix/store/a7gvj343m05j2s32xcnwr35v31ynlypr-coreutils-9.1/bin:/nix/store/039g378vc3pc3dvi9dzdlrd0i4q93qwf-binutils-2.39/bin:/nix/store/gpxl5qgg8kicmcvivwmybwjlpf7wh20l-graalvm17-ce-22.3.0/bin:/nix/store/6z9ag3ihc8mq2hzsw48lhbznvzny65nz-apache-maven-3.8.6/bin:/nix/store/m6gcpi1ii6rghy04cjwjddcavv7i90df-jdt-language-server-1.9.0/bin:/nix/store/84xs5alhs01zrbr4ywm05kxbjbp5590l-java-debug/bin:/nix/store/mydc6f4k2z73xlcz7ilif3v2lcaiqvza-findutils-4.9.0/bin:/nix/store/j9p3g8472iijd50vhdprx0nmk2fqn5gv-diffutils-3.8/bin:/nix/store/89zs7rms6x00xfq4dq6m7mjnhkr8a6r4-gnused-4.8/bin:/nix/store/86bp03jkmsl6f92w0yzg4s59g5mhxwmy-gnugrep-3.7/bin:/nix/store/hwcdqw4jrjnd37wxqgsd47hd0j8bnj09-gawk-5.1.1/bin:/nix/store/cfbhw8r8ags41vwqaz47r583d0p4h4a1-gnutar-1.34/bin:/nix/store/p3m1ndl1lapwrlh698bnb5lvvxh67378-gzip-1.12/bin:/nix/store/a8mhcagrsly7c7mpjrpsnaahk4aax056-bzip2-1.0.8-bin/bin:/nix/store/mblgz65m3zv9x548a3d5m96fj2pbwr09-gnumake-4.3/bin:/nix/store/dsd5gz46hdbdk2rfdimqddhq6m8m8fqs-bash-5.1-p16/bin:/nix/store/v7ljksji50mg3w61dykaa3n3y79n6nil-patch-2.7.6/bin:/nix/store/zlcnmqq14jz5x9439jf937mvayyl63da-xz-5.2.7-bin/bin:/nix/store/y6aj732zm9m87c82fpvf103a1xb22blp-file-5.43/bin:/nix/store/i4kzir3m7mrisxmf5xvlnkw01x4qaqr4-prybar-elisp-0.0.0-e0d9a52/bin:/nix/store/lwwivxf6h7x3cvxp9zv8sj0mv7dak99r-prybar-lua-0.0.0-e0d9a52/bin:/nix/store/gxj28g1cg4hq3qanmjv07156h800qr58-prybar-python3-0.0.0-e0d9a52/bin:/nix/store/hshkjnxrgidigf8x75vg6lqng2xlx9i3-prybar-sqlite-0.0.0-e0d9a52/bin:/nix/store/c4w01bpjgyy5ixmwdk8m1pw87zq4sl26-prybar-tcl-0.0.0-e0d9a52/bin:/nix/store/hpbvrlwd5viqmvcaisb3x0118i913a9n-st
LD_LIBRARY_PATH=/nix/store/a4pff549sk2idnkpzk5nsfps3mdkdnvm-cups-2.4.2-lib/lib:/nix/store/72mqxxhh3cy5yifh92wh2yb8cl2hikyy-cairo-1.16.0/lib:/nix/store/2k366jrbsra97gjfxwvrhvixjfxdach5-glib-2.74.1/lib:/nix/store/2j2znigd8ak37rlwh9khz0ry3clqlw1l-gtk+3-3.24.34/lib:/nix/store/hisqvx32cd57apbpcsnkpx6k3549wql1-libglvnd-1.4.0/lib:/nix/store/p36pgcv991mq5srvg765b78yqpxvk3qs-mesa-21.3.3-drivers/lib:/nix/store/mav4251if1ahjq5vkpwycyyvnmy459c4-pulseaudio-14.2/lib
DISPLAY=:0
LANG=en_US.UTF-8

Signal Handlers:
   SIGSEGV: crash_handler in libjvm.so, mask=11100100010111111101111111111110, flags=SA_RESTART|SA_SIGINFO
    SIGBUS: crash_handler in libjvm.so, mask=11100100010111111101111111111110, flags=SA_RESTART|SA_SIGINFO
    SIGFPE: crash_handler in libjvm.so, mask=11100100010111111101111111111110, flags=SA_RESTART|SA_SIGINFO
   SIGPIPE: IsolateEnterStub_IgnoreSIGPIPEStartupHook_noopSignalHandler_8f19bff2f35b5f630d83b364d6b2339320d4ec70_216e8361c6bc87a8f89f58cc10d3b2fd4415bf87 in libjvmcicompiler.so, mask=00000000000000000000000000000000, flags=SA_RESTART
  *** Handler was modified!
  *** Expected: javaSignalHandler in libjvm.so, mask=11100100110111111111111111111110, flags=SA_RESTART|SA_SIGINFO
   SIGXFSZ: javaSignalHandler in libjvm.so, mask=11100100010111111101111111111110, flags=SA_RESTART|SA_SIGINFO
    SIGILL: crash_handler in libjvm.so, mask=11100100010111111101111111111110, flags=SA_RESTART|SA_SIGINFO
   SIGUSR2: SR_handler in libjvm.so, mask=00000000000000000000000000000000, flags=SA_RESTART|SA_SIGINFO
    SIGHUP: UserHandler in libjvm.so, mask=11100100010111111101111111111110, flags=SA_RESTART|SA_SIGINFO
    SIGINT: UserHandler in libjvm.so, mask=11100100010111111101111111111110, flags=SA_RESTART|SA_SIGINFO
   SIGTERM: UserHandler in libjvm.so, mask=11100100010111111101111111111110, flags=SA_RESTART|SA_SIGINFO
   SIGQUIT: UserHandler in libjvm.so, mask=11100100010111111101111111111110, flags=SA_RESTART|SA_SIGINFO
  *** Handler was modified!
  *** Expected: javaSignalHandler in libjvm.so, mask=11100100110111111111111111111110, flags=SA_RESTART|SA_SIGINFO
   SIGTRAP: crash_handler in libjvm.so, mask=11100100010111111101111111111110, flags=SA_RESTART|SA_SIGINFO


---------------  S Y S T E M  ---------------

OS:
DISTRIB_ID=Ubuntu
DISTRIB_RELEASE=20.04
DISTRIB_CODENAME=focal
DISTRIB_DESCRIPTION="Ubuntu 20.04.2 LTS"
uname: Linux 5.19.0-1022-gcp #24~22.04.1-Ubuntu SMP Sun Apr 23 09:51:08 UTC 2023 x86_64
OS uptime: 0 days 1:14 hours
libc: glibc 2.35 NPTL 2.35 
rlimit (soft/hard): STACK 8192k/infinity , CORE infinity/infinity , NPROC infinity/infinity , NOFILE 5242/5242 , AS infinity/infinity , CPU infinity/infinity , DATA infinity/infinity , FSIZE infinity/infinity , MEMLOCK 8192k/8192k
load average: 14.03 11.42 10.41

/proc/meminfo:
MemTotal:       65852256 kB
MemFree:        29495456 kB
MemAvailable:   48862200 kB
Buffers:         1521992 kB
Cached:         17024284 kB
SwapCached:            0 kB
Active:          7141064 kB
Inactive:       25876772 kB
Active(anon):      15532 kB
Inactive(anon): 14288552 kB
Active(file):    7125532 kB
Inactive(file): 11588220 kB
Unevictable:       56016 kB
Mlocked:           56016 kB
SwapTotal:             0 kB
SwapFree:              0 kB
Zswap:                 0 kB
Zswapped:              0 kB
Dirty:              4204 kB
Writeback:           648 kB
AnonPages:      14294492 kB
Mapped:          1624844 kB
Shmem:             29368 kB
KReclaimable:    1379592 kB
Slab:            2328232 kB
SReclaimable:    1379592 kB
SUnreclaim:       948640 kB
KernelStack:      412812 kB
PageTables:       149684 kB
NFS_Unstable:          0 kB
Bounce:                0 kB
WritebackTmp:          0 kB
CommitLimit:    32926128 kB
Committed_AS:   55726184 kB
VmallocTotal:   34359738367 kB
VmallocUsed:      449888 kB
VmallocChunk:          0 kB
Percpu:            42944 kB
HardwareCorrupted:     0 kB
AnonHugePages:   1959936 kB
ShmemHugePages:        0 kB
ShmemPmdMapped:        0 kB
FileHugePages:         0 kB
FilePmdMapped:         0 kB
HugePages_Total:       0
HugePages_Free:        0
HugePages_Rsvd:        0
HugePages_Surp:        0
Hugepagesize:       2048 kB
Hugetlb:               0 kB
DirectMap4k:     2087736 kB
DirectMap2M:    37754880 kB
DirectMap1G:    29360128 kB

/sys/kernel/mm/transparent_hugepage/enabled: always [madvise] never
/sys/kernel/mm/transparent_hugepage/defrag (defrag/compaction efforts parameter): always defer defer+madvise [madvise] never

Process Memory:
Virtual Size: 4523100K (peak: 4583232K)
Resident Set Size: 760352K (peak: 813564K) (anon: 578476K, file: 181876K, shmem: 0K)
Swapped out: 0K
C-Heap outstanding allocations: 40569K, retained: 13886K
glibc malloc tunables: (default)

/proc/sys/kernel/threads-max (system-wide limit on the number of threads): 514406
/proc/sys/vm/max_map_count (maximum number of memory map areas a process may have): 65530
/proc/sys/kernel/pid_max (system-wide limit on number of process identifiers): 4194304

container (cgroup) information:
container_type: cgroupv1
cpu_cpuset_cpus: 2-7
cpu_memory_nodes: 0
active_processor_count: 1
cpu_quota: 50000
cpu_period: 100000
cpu_shares: 512
memory_limit_in_bytes: 1048576 k
memory_and_swap_limit_in_bytes: 1048576 k
memory_soft_limit_in_bytes: 524288 k
memory_usage_in_bytes: 762948 k
memory_max_usage_in_bytes: 806388 k
maximum number of tasks: 1000
current number of tasks: 62

KVM virtualization detected
Steal ticks since vm start: 0
Steal ticks percentage since vm start:  0.000

CPU: total 8 (initial active 1) (8 cores per cpu, 2 threads per core) family 23 model 49 stepping 0 microcode 0xffffffff, cx8, cmov, fxsr, ht, mmx, 3dnowpref, sse, sse2, sse3, ssse3, sse4a, sse4.1, sse4.2, popcnt, lzcnt, tsc, tscinvbit, avx, avx2, aes, clmul, bmi1, bmi2, adx, sha, fma, vzeroupper, clflush, clflushopt, hv
CPU Model and flags from /proc/cpuinfo:
model name	: AMD EPYC 7B12
flags		: fpu vme de pse tsc msr pae mce cx8 apic sep mtrr pge mca cmov pat pse36 clflush mmx fxsr sse sse2 ht syscall nx mmxext fxsr_opt pdpe1gb rdtscp lm constant_tsc rep_good nopl nonstop_tsc cpuid extd_apicid tsc_known_freq pni pclmulqdq ssse3 fma cx16 sse4_1 sse4_2 movbe popcnt aes xsave avx f16c rdrand hypervisor lahf_lm cmp_legacy cr8_legacy abm sse4a misalignsse 3dnowprefetch osvw topoext ssbd ibrs ibpb stibp vmmcall fsgsbase tsc_adjust bmi1 avx2 smep bmi2 rdseed adx smap clflushopt clwb sha_ni xsaveopt xsavec xgetbv1 clzero xsaveerptr arat npt nrip_save umip rdpid

Online cpus: 0-7
Offline cpus: 
BIOS frequency limitation: <Not Available>
Frequency switch latency (ns): <Not Available>
Available cpu frequencies: <Not Available>
Current governor: <Not Available>
Core performance/turbo boost: <Not Available>

Memory: 4k page, physical 1048576k(285616k free), swap 0k(0k free)
Page Sizes: 4k

vm_info: OpenJDK 64-Bit Server VM (17.0.5+8-jvmci-22.3-b08) for linux-amd64 JRE (17.0.5+8-jvmci-22.3-b08), built on Oct 19 2022 09:01:27 by "buildslave" with gcc 10.3.0

END.
